<?xml version="1.0" encoding="UTF-8"?>
<testsuites name="CAPPM_Adapter_Regression_POC" time="47" tests="2" failures="0" errors="6">
   <testsuite name="CAPPM_Adapter_Regression_POC" tests="2" failures="0" errors="6" time="47" timestamp="2018-02-14 18:00:14" hostname="Abhishek.B - ETHYDLP082.excershyd.com" id="Test Suites/CAPPM_Adapter_Regression_POC">
      <properties>
         <property name="deviceName" value=""/>
         <property name="devicePlatform" value=""/>
         <property name="logFolder" value="C:\\Users\\Abhishek.B\\Katalon Studio\\sample\\Reports\\CAPPM_Adapter_Regression_POC\\20180214_180005"/>
         <property name="logFiles" value="C:\\Users\\Abhishek.B\\Katalon Studio\\sample\\Reports\\CAPPM_Adapter_Regression_POC\\20180214_180005\\execution0.log"/>
         <property name="attachments" value=""/>
         <property name="hostName" value="Abhishek.B - ETHYDLP082.excershyd.com"/>
         <property name="os" value="Windows 10 64bit"/>
         <property name="katalonVersion" value="5.2.0.1"/>
         <property name="browser" value="Chrome 64.0.3282.167"/>
         <property name="hostAddress" value="192.168.14.76"/>
         <property name="sessionId" value="34075e18e49c5e59a4296645b6b6ff75"/>
         <property name="seleniumVersion" value="3.7.1"/>
         <property name="proxyInformation" value="ProxyInformation{proxyOption=NO_PROXY, proxyServerType=HTTP, password=, proxyServerAddress=, proxyServerPort=0}"/>
         <property name="platform" value="Windows 10"/>
      </properties>
      <testcase name="Test Cases/Main Test Cases/LoginCAPPM" classname="Test Cases/Main Test Cases/LoginCAPPM" status="PASSED">
         <system-out><![CDATA[2018-02-14 18:00:14 - [TEST_CASE][PASSED] - Test Cases/Main Test Cases/LoginCAPPM: Test Cases/Main Test Cases/LoginCAPPM

2018-02-14 18:00:15 - [TEST_STEP][PASSED] - callTestCase: Call Test Case 'Test Cases/Main Test Cases/ConvertCSVtoXls' successfully

2018-02-14 18:00:15 - [TEST_CASE][PASSED] - Test Cases/Main Test Cases/ConvertCSVtoXls: Test Cases/Main Test Cases/ConvertCSVtoXls

2018-02-14 18:00:16 - [TEST_STEP][PASSED] - Statement - Try: null

2018-02-14 18:00:16 - [TEST_STEP][PASSED] - Statement - csvFileAddress = "D:\Katalon_CAPPM\Transactions_03072017.csv": null

2018-02-14 18:00:16 - [TEST_STEP][PASSED] - Statement - xlsxFileAddress = "D:\Katalon_CAPPM\Input_file.xls": null

2018-02-14 18:00:16 - [TEST_STEP][PASSED] - Statement - workBook = new org.apache.poi.hssf.usermodel.HSSFWorkbook(): null

2018-02-14 18:00:16 - [TEST_STEP][PASSED] - Statement - sheet = workBook.createSheet("Input_file_data"): null

2018-02-14 18:00:16 - [TEST_STEP][PASSED] - Statement - currentLine = null: null

2018-02-14 18:00:16 - [TEST_STEP][PASSED] - Statement - RowNum = 0: null

2018-02-14 18:00:16 - [TEST_STEP][PASSED] - Statement - br = new java.io.BufferedReader(new java.io.FileReader(csvFileAddress)): null

2018-02-14 18:00:16 - [TEST_STEP][PASSED] - Statement - While (currentLine = br.readLine() != null): null

2018-02-14 18:00:16 - [TEST_STEP][PASSED] - Statement - str = currentLine.split(","): null

2018-02-14 18:00:16 - [TEST_STEP][PASSED] - Statement - currentRow = sheet.createRow(RowNum): null

2018-02-14 18:00:16 - [TEST_STEP][PASSED] - Statement - For ([i = 0, i < length, (i++)]): null

2018-02-14 18:00:16 - [TEST_STEP][PASSED] - Statement - currentRow.createCell(i).setCellValue(str[i]): null

2018-02-14 18:00:16 - [TEST_STEP][PASSED] - Statement - currentRow.createCell(i).setCellValue(str[i]): null

2018-02-14 18:00:16 - [TEST_STEP][PASSED] - Statement - currentRow.createCell(i).setCellValue(str[i]): null

2018-02-14 18:00:16 - [TEST_STEP][PASSED] - Statement - currentRow.createCell(i).setCellValue(str[i]): null

2018-02-14 18:00:16 - [TEST_STEP][PASSED] - Statement - currentRow.createCell(i).setCellValue(str[i]): null

2018-02-14 18:00:16 - [TEST_STEP][PASSED] - Statement - currentRow.createCell(i).setCellValue(str[i]): null

2018-02-14 18:00:16 - [TEST_STEP][PASSED] - Statement - currentRow.createCell(i).setCellValue(str[i]): null

2018-02-14 18:00:16 - [TEST_STEP][PASSED] - Statement - currentRow.createCell(i).setCellValue(str[i]): null

2018-02-14 18:00:16 - [TEST_STEP][PASSED] - Statement - currentRow.createCell(i).setCellValue(str[i]): null

2018-02-14 18:00:16 - [TEST_STEP][PASSED] - Statement - (++RowNum): null

2018-02-14 18:00:16 - [TEST_STEP][PASSED] - Statement - str = currentLine.split(","): null

2018-02-14 18:00:16 - [TEST_STEP][PASSED] - Statement - currentRow = sheet.createRow(RowNum): null

2018-02-14 18:00:16 - [TEST_STEP][PASSED] - Statement - For ([i = 0, i < length, (i++)]): null

2018-02-14 18:00:16 - [TEST_STEP][PASSED] - Statement - currentRow.createCell(i).setCellValue(str[i]): null

2018-02-14 18:00:16 - [TEST_STEP][PASSED] - Statement - currentRow.createCell(i).setCellValue(str[i]): null

2018-02-14 18:00:16 - [TEST_STEP][PASSED] - Statement - currentRow.createCell(i).setCellValue(str[i]): null

2018-02-14 18:00:16 - [TEST_STEP][PASSED] - Statement - currentRow.createCell(i).setCellValue(str[i]): null

2018-02-14 18:00:16 - [TEST_STEP][PASSED] - Statement - currentRow.createCell(i).setCellValue(str[i]): null

2018-02-14 18:00:16 - [TEST_STEP][PASSED] - Statement - currentRow.createCell(i).setCellValue(str[i]): null

2018-02-14 18:00:16 - [TEST_STEP][PASSED] - Statement - currentRow.createCell(i).setCellValue(str[i]): null

2018-02-14 18:00:16 - [TEST_STEP][PASSED] - Statement - currentRow.createCell(i).setCellValue(str[i]): null

2018-02-14 18:00:16 - [TEST_STEP][PASSED] - Statement - currentRow.createCell(i).setCellValue(str[i]): null

2018-02-14 18:00:16 - [TEST_STEP][PASSED] - Statement - (++RowNum): null

2018-02-14 18:00:16 - [TEST_STEP][PASSED] - Statement - str = currentLine.split(","): null

2018-02-14 18:00:16 - [TEST_STEP][PASSED] - Statement - currentRow = sheet.createRow(RowNum): null

2018-02-14 18:00:16 - [TEST_STEP][PASSED] - Statement - For ([i = 0, i < length, (i++)]): null

2018-02-14 18:00:16 - [TEST_STEP][PASSED] - Statement - currentRow.createCell(i).setCellValue(str[i]): null

2018-02-14 18:00:16 - [TEST_STEP][PASSED] - Statement - currentRow.createCell(i).setCellValue(str[i]): null

2018-02-14 18:00:16 - [TEST_STEP][PASSED] - Statement - currentRow.createCell(i).setCellValue(str[i]): null

2018-02-14 18:00:16 - [TEST_STEP][PASSED] - Statement - currentRow.createCell(i).setCellValue(str[i]): null

2018-02-14 18:00:16 - [TEST_STEP][PASSED] - Statement - currentRow.createCell(i).setCellValue(str[i]): null

2018-02-14 18:00:16 - [TEST_STEP][PASSED] - Statement - currentRow.createCell(i).setCellValue(str[i]): null

2018-02-14 18:00:16 - [TEST_STEP][PASSED] - Statement - currentRow.createCell(i).setCellValue(str[i]): null

2018-02-14 18:00:16 - [TEST_STEP][PASSED] - Statement - currentRow.createCell(i).setCellValue(str[i]): null

2018-02-14 18:00:16 - [TEST_STEP][PASSED] - Statement - currentRow.createCell(i).setCellValue(str[i]): null

2018-02-14 18:00:16 - [TEST_STEP][PASSED] - Statement - (++RowNum): null

2018-02-14 18:00:16 - [TEST_STEP][PASSED] - Statement - str = currentLine.split(","): null

2018-02-14 18:00:16 - [TEST_STEP][PASSED] - Statement - currentRow = sheet.createRow(RowNum): null

2018-02-14 18:00:16 - [TEST_STEP][PASSED] - Statement - For ([i = 0, i < length, (i++)]): null

2018-02-14 18:00:16 - [TEST_STEP][PASSED] - Statement - currentRow.createCell(i).setCellValue(str[i]): null

2018-02-14 18:00:16 - [TEST_STEP][PASSED] - Statement - currentRow.createCell(i).setCellValue(str[i]): null

2018-02-14 18:00:16 - [TEST_STEP][PASSED] - Statement - currentRow.createCell(i).setCellValue(str[i]): null

2018-02-14 18:00:16 - [TEST_STEP][PASSED] - Statement - currentRow.createCell(i).setCellValue(str[i]): null

2018-02-14 18:00:16 - [TEST_STEP][PASSED] - Statement - currentRow.createCell(i).setCellValue(str[i]): null

2018-02-14 18:00:16 - [TEST_STEP][PASSED] - Statement - currentRow.createCell(i).setCellValue(str[i]): null

2018-02-14 18:00:16 - [TEST_STEP][PASSED] - Statement - currentRow.createCell(i).setCellValue(str[i]): null

2018-02-14 18:00:16 - [TEST_STEP][PASSED] - Statement - currentRow.createCell(i).setCellValue(str[i]): null

2018-02-14 18:00:16 - [TEST_STEP][PASSED] - Statement - currentRow.createCell(i).setCellValue(str[i]): null

2018-02-14 18:00:16 - [TEST_STEP][PASSED] - Statement - (++RowNum): null

2018-02-14 18:00:16 - [TEST_STEP][PASSED] - Statement - str = currentLine.split(","): null

2018-02-14 18:00:16 - [TEST_STEP][PASSED] - Statement - currentRow = sheet.createRow(RowNum): null

2018-02-14 18:00:16 - [TEST_STEP][PASSED] - Statement - For ([i = 0, i < length, (i++)]): null

2018-02-14 18:00:16 - [TEST_STEP][PASSED] - Statement - currentRow.createCell(i).setCellValue(str[i]): null

2018-02-14 18:00:16 - [TEST_STEP][PASSED] - Statement - currentRow.createCell(i).setCellValue(str[i]): null

2018-02-14 18:00:16 - [TEST_STEP][PASSED] - Statement - currentRow.createCell(i).setCellValue(str[i]): null

2018-02-14 18:00:16 - [TEST_STEP][PASSED] - Statement - currentRow.createCell(i).setCellValue(str[i]): null

2018-02-14 18:00:16 - [TEST_STEP][PASSED] - Statement - currentRow.createCell(i).setCellValue(str[i]): null

2018-02-14 18:00:16 - [TEST_STEP][PASSED] - Statement - currentRow.createCell(i).setCellValue(str[i]): null

2018-02-14 18:00:16 - [TEST_STEP][PASSED] - Statement - currentRow.createCell(i).setCellValue(str[i]): null

2018-02-14 18:00:16 - [TEST_STEP][PASSED] - Statement - currentRow.createCell(i).setCellValue(str[i]): null

2018-02-14 18:00:16 - [TEST_STEP][PASSED] - Statement - currentRow.createCell(i).setCellValue(str[i]): null

2018-02-14 18:00:16 - [TEST_STEP][PASSED] - Statement - (++RowNum): null

2018-02-14 18:00:16 - [TEST_STEP][PASSED] - Statement - str = currentLine.split(","): null

2018-02-14 18:00:16 - [TEST_STEP][PASSED] - Statement - currentRow = sheet.createRow(RowNum): null

2018-02-14 18:00:16 - [TEST_STEP][PASSED] - Statement - For ([i = 0, i < length, (i++)]): null

2018-02-14 18:00:16 - [TEST_STEP][PASSED] - Statement - currentRow.createCell(i).setCellValue(str[i]): null

2018-02-14 18:00:16 - [TEST_STEP][PASSED] - Statement - currentRow.createCell(i).setCellValue(str[i]): null

2018-02-14 18:00:16 - [TEST_STEP][PASSED] - Statement - currentRow.createCell(i).setCellValue(str[i]): null

2018-02-14 18:00:16 - [TEST_STEP][PASSED] - Statement - currentRow.createCell(i).setCellValue(str[i]): null

2018-02-14 18:00:16 - [TEST_STEP][PASSED] - Statement - currentRow.createCell(i).setCellValue(str[i]): null

2018-02-14 18:00:16 - [TEST_STEP][PASSED] - Statement - currentRow.createCell(i).setCellValue(str[i]): null

2018-02-14 18:00:16 - [TEST_STEP][PASSED] - Statement - currentRow.createCell(i).setCellValue(str[i]): null

2018-02-14 18:00:16 - [TEST_STEP][PASSED] - Statement - currentRow.createCell(i).setCellValue(str[i]): null

2018-02-14 18:00:16 - [TEST_STEP][PASSED] - Statement - currentRow.createCell(i).setCellValue(str[i]): null

2018-02-14 18:00:16 - [TEST_STEP][PASSED] - Statement - (++RowNum): null

2018-02-14 18:00:16 - [TEST_STEP][PASSED] - Statement - str = currentLine.split(","): null

2018-02-14 18:00:16 - [TEST_STEP][PASSED] - Statement - currentRow = sheet.createRow(RowNum): null

2018-02-14 18:00:16 - [TEST_STEP][PASSED] - Statement - For ([i = 0, i < length, (i++)]): null

2018-02-14 18:00:16 - [TEST_STEP][PASSED] - Statement - currentRow.createCell(i).setCellValue(str[i]): null

2018-02-14 18:00:16 - [TEST_STEP][PASSED] - Statement - currentRow.createCell(i).setCellValue(str[i]): null

2018-02-14 18:00:16 - [TEST_STEP][PASSED] - Statement - currentRow.createCell(i).setCellValue(str[i]): null

2018-02-14 18:00:16 - [TEST_STEP][PASSED] - Statement - currentRow.createCell(i).setCellValue(str[i]): null

2018-02-14 18:00:16 - [TEST_STEP][PASSED] - Statement - currentRow.createCell(i).setCellValue(str[i]): null

2018-02-14 18:00:16 - [TEST_STEP][PASSED] - Statement - currentRow.createCell(i).setCellValue(str[i]): null

2018-02-14 18:00:16 - [TEST_STEP][PASSED] - Statement - currentRow.createCell(i).setCellValue(str[i]): null

2018-02-14 18:00:16 - [TEST_STEP][PASSED] - Statement - currentRow.createCell(i).setCellValue(str[i]): null

2018-02-14 18:00:16 - [TEST_STEP][PASSED] - Statement - currentRow.createCell(i).setCellValue(str[i]): null

2018-02-14 18:00:16 - [TEST_STEP][PASSED] - Statement - (++RowNum): null

2018-02-14 18:00:16 - [TEST_STEP][PASSED] - Statement - str = currentLine.split(","): null

2018-02-14 18:00:16 - [TEST_STEP][PASSED] - Statement - currentRow = sheet.createRow(RowNum): null

2018-02-14 18:00:16 - [TEST_STEP][PASSED] - Statement - For ([i = 0, i < length, (i++)]): null

2018-02-14 18:00:16 - [TEST_STEP][PASSED] - Statement - currentRow.createCell(i).setCellValue(str[i]): null

2018-02-14 18:00:16 - [TEST_STEP][PASSED] - Statement - currentRow.createCell(i).setCellValue(str[i]): null

2018-02-14 18:00:16 - [TEST_STEP][PASSED] - Statement - currentRow.createCell(i).setCellValue(str[i]): null

2018-02-14 18:00:16 - [TEST_STEP][PASSED] - Statement - currentRow.createCell(i).setCellValue(str[i]): null

2018-02-14 18:00:16 - [TEST_STEP][PASSED] - Statement - currentRow.createCell(i).setCellValue(str[i]): null

2018-02-14 18:00:16 - [TEST_STEP][PASSED] - Statement - currentRow.createCell(i).setCellValue(str[i]): null

2018-02-14 18:00:16 - [TEST_STEP][PASSED] - Statement - currentRow.createCell(i).setCellValue(str[i]): null

2018-02-14 18:00:16 - [TEST_STEP][PASSED] - Statement - currentRow.createCell(i).setCellValue(str[i]): null

2018-02-14 18:00:16 - [TEST_STEP][PASSED] - Statement - currentRow.createCell(i).setCellValue(str[i]): null

2018-02-14 18:00:16 - [TEST_STEP][PASSED] - Statement - (++RowNum): null

2018-02-14 18:00:16 - [TEST_STEP][PASSED] - Statement - str = currentLine.split(","): null

2018-02-14 18:00:16 - [TEST_STEP][PASSED] - Statement - currentRow = sheet.createRow(RowNum): null

2018-02-14 18:00:16 - [TEST_STEP][PASSED] - Statement - For ([i = 0, i < length, (i++)]): null

2018-02-14 18:00:16 - [TEST_STEP][PASSED] - Statement - currentRow.createCell(i).setCellValue(str[i]): null

2018-02-14 18:00:16 - [TEST_STEP][PASSED] - Statement - currentRow.createCell(i).setCellValue(str[i]): null

2018-02-14 18:00:16 - [TEST_STEP][PASSED] - Statement - currentRow.createCell(i).setCellValue(str[i]): null

2018-02-14 18:00:16 - [TEST_STEP][PASSED] - Statement - currentRow.createCell(i).setCellValue(str[i]): null

2018-02-14 18:00:16 - [TEST_STEP][PASSED] - Statement - currentRow.createCell(i).setCellValue(str[i]): null

2018-02-14 18:00:16 - [TEST_STEP][PASSED] - Statement - currentRow.createCell(i).setCellValue(str[i]): null

2018-02-14 18:00:16 - [TEST_STEP][PASSED] - Statement - currentRow.createCell(i).setCellValue(str[i]): null

2018-02-14 18:00:16 - [TEST_STEP][PASSED] - Statement - currentRow.createCell(i).setCellValue(str[i]): null

2018-02-14 18:00:16 - [TEST_STEP][PASSED] - Statement - currentRow.createCell(i).setCellValue(str[i]): null

2018-02-14 18:00:16 - [TEST_STEP][PASSED] - Statement - (++RowNum): null

2018-02-14 18:00:16 - [TEST_STEP][PASSED] - Statement - fileOutputStream = new java.io.FileOutputStream(xlsxFileAddress): null

2018-02-14 18:00:16 - [TEST_STEP][PASSED] - Statement - workBook.write(fileOutputStream): null

2018-02-14 18:00:16 - [TEST_STEP][PASSED] - Statement - fileOutputStream.close(): null

2018-02-14 18:00:16 - [TEST_STEP][PASSED] - Statement - out.println("Done"): null

2018-02-14 18:00:16 - [MESSAGE][PASSED] - Call Test Case 'Test Cases/Main Test Cases/ConvertCSVtoXls' successfully

2018-02-14 18:00:16 - [TEST_STEP][PASSED] - callTestCase: Call Test Case 'Test Cases/Main Test Cases/GetDataFromExcel' successfully

2018-02-14 18:00:16 - [TEST_CASE][PASSED] - Test Cases/Main Test Cases/GetDataFromExcel: Test Cases/Main Test Cases/GetDataFromExcel

2018-02-14 18:00:17 - [TEST_STEP][PASSED] - Statement - myData = com.kms.katalon.core.testdata.TestDataFactory.findTestData(Test_Case_Validation): Reading excel file with source file 'D:\Katalon_CAPPM\Test_Case_validation.xlsx' and sheet name 'Clarity_Test_Data_Setup'

2018-02-14 18:00:18 - [TEST_STEP][PASSED] - Statement - myData.changeSheet("Clarity_Test_Data_Setup"): null

2018-02-14 18:00:18 - [TEST_STEP][PASSED] - Statement - println(myData.getAllData()): null

2018-02-14 18:00:18 - [TEST_STEP][PASSED] - Statement - excel_column = myData.getColumnNumbers(): null

2018-02-14 18:00:18 - [TEST_STEP][PASSED] - Statement - excel_row = myData.getRowNumbers(): null

2018-02-14 18:00:18 - [TEST_STEP][PASSED] - Statement - excel_names = new java.util.LinkedHashMap(): null

2018-02-14 18:00:18 - [TEST_STEP][PASSED] - Statement - For ([i = 1, i <= excel_row, (i++)]): null

2018-02-14 18:00:18 - [TEST_STEP][PASSED] - Statement - excel_names.put(myData.getValue(1, i), myData.getValue(2, i)): null

2018-02-14 18:00:18 - [TEST_STEP][PASSED] - Statement - excel_names.put(myData.getValue(1, i), myData.getValue(2, i)): null

2018-02-14 18:00:18 - [TEST_STEP][PASSED] - Statement - excel_names.put(myData.getValue(1, i), myData.getValue(2, i)): null

2018-02-14 18:00:18 - [TEST_STEP][PASSED] - Statement - excel_names.put(myData.getValue(1, i), myData.getValue(2, i)): null

2018-02-14 18:00:18 - [TEST_STEP][PASSED] - Statement - excel_names.put(myData.getValue(1, i), myData.getValue(2, i)): null

2018-02-14 18:00:18 - [TEST_STEP][PASSED] - Statement - excel_names.put(myData.getValue(1, i), myData.getValue(2, i)): null

2018-02-14 18:00:18 - [TEST_STEP][PASSED] - Statement - excel_names.put(myData.getValue(1, i), myData.getValue(2, i)): null

2018-02-14 18:00:18 - [TEST_STEP][PASSED] - Statement - excel_names.put(myData.getValue(1, i), myData.getValue(2, i)): null

2018-02-14 18:00:18 - [TEST_STEP][PASSED] - Statement - excel_names.put(myData.getValue(1, i), myData.getValue(2, i)): null

2018-02-14 18:00:18 - [TEST_STEP][PASSED] - Statement - excel_names.put(myData.getValue(1, i), myData.getValue(2, i)): null

2018-02-14 18:00:18 - [TEST_STEP][PASSED] - Statement - excel_names.put(myData.getValue(1, i), myData.getValue(2, i)): null

2018-02-14 18:00:18 - [TEST_STEP][PASSED] - Statement - excel_names.put(myData.getValue(1, i), myData.getValue(2, i)): null

2018-02-14 18:00:18 - [TEST_STEP][PASSED] - Statement - excel_names.put(myData.getValue(1, i), myData.getValue(2, i)): null

2018-02-14 18:00:18 - [TEST_STEP][PASSED] - Statement - excel_names.put(myData.getValue(1, i), myData.getValue(2, i)): null

2018-02-14 18:00:18 - [TEST_STEP][PASSED] - Statement - excel_names.put(myData.getValue(1, i), myData.getValue(2, i)): null

2018-02-14 18:00:18 - [TEST_STEP][PASSED] - Statement - excel_names.put(myData.getValue(1, i), myData.getValue(2, i)): null

2018-02-14 18:00:18 - [TEST_STEP][PASSED] - Statement - println(excel_names): null

2018-02-14 18:00:18 - [TEST_STEP][PASSED] - Statement - open_url = excel_names.get("url"): null

2018-02-14 18:00:18 - [TEST_STEP][PASSED] - Statement - input_username = excel_names.get("username"): null

2018-02-14 18:00:18 - [TEST_STEP][PASSED] - Statement - input_password = excel_names.get("password"): null

2018-02-14 18:00:18 - [TEST_STEP][PASSED] - Statement - Job_name = excel_names.get("jobname"): null

2018-02-14 18:00:18 - [TEST_STEP][PASSED] - Statement - screenshot_path = excel_names.get("screenshotpath"): null

2018-02-14 18:00:18 - [TEST_STEP][PASSED] - Statement - click_path = excel_names.get("clickpath"): null

2018-02-14 18:00:18 - [TEST_STEP][PASSED] - Statement - all_job_names = excel_names.get("alljobnames"): null

2018-02-14 18:00:18 - [TEST_STEP][PASSED] - Statement - output_file_path = excel_names.get("outfilepath"): null

2018-02-14 18:00:18 - [TEST_STEP][PASSED] - Statement - start_date = excel_names.get("startDate"): null

2018-02-14 18:00:18 - [TEST_STEP][PASSED] - Statement - end_date = excel_names.get("endDate"): null

2018-02-14 18:00:18 - [TEST_STEP][PASSED] - Statement - input_code = excel_names.get("inputcode"): null

2018-02-14 18:00:18 - [TEST_STEP][PASSED] - Statement - input_name = excel_names.get("inputname"): null

2018-02-14 18:00:18 - [TEST_STEP][PASSED] - Statement - input_orderid = excel_names.get("inputorderid"): null

2018-02-14 18:00:18 - [TEST_STEP][PASSED] - Statement - input_isactive = excel_names.get("inputisactive"): null

2018-02-14 18:00:18 - [TEST_STEP][PASSED] - Statement - sqlvalue_new = excel_names.get("textareasqlval_new"): null

2018-02-14 18:00:18 - [TEST_STEP][PASSED] - Statement - sqlval_modified = excel_names.get("textareasqlval_modified"): null

2018-02-14 18:00:18 - [TEST_STEP][PASSED] - Statement - src2 = java.nio.file.Paths.get("D:\Katalon_CAPPM\Standard_file\Output_file.xls"): null

2018-02-14 18:00:18 - [TEST_STEP][PASSED] - Statement - dest2 = java.nio.file.Paths.get(output_file_path): null

2018-02-14 18:00:18 - [TEST_STEP][PASSED] - Statement - java.nio.file.Files.copy(src2, dest2, REPLACE_EXISTING): null

2018-02-14 18:00:18 - [MESSAGE][PASSED] - Call Test Case 'Test Cases/Main Test Cases/GetDataFromExcel' successfully

2018-02-14 18:00:18 - [TEST_STEP][PASSED] - newpackage.newkeyword.keywordName: newpackage.newkeyword.keywordName is PASSED

2018-02-14 18:00:18 - [MESSAGE][PASSED] - newpackage.newkeyword.keywordName is PASSED

2018-02-14 18:00:18 - [TEST_STEP][PASSED] - Statement - extent1 = extent: null

2018-02-14 18:00:18 - [TEST_STEP][PASSED] - Statement - extentTest1 = test: null

2018-02-14 18:00:18 - [TEST_STEP][PASSED] - Statement - extentTest1 = extent1.startTest("LoginPage TestCase"): null

2018-02-14 18:00:18 - [TEST_STEP][PASSED] - openBrowser: Browser is opened with url: ''

2018-02-14 18:00:28 - [MESSAGE][PASSED] - Browser is opened with url: ''

2018-02-14 18:00:28 - [TEST_STEP][PASSED] - maximizeWindow: Current window maximized

2018-02-14 18:00:29 - [MESSAGE][PASSED] - Current window maximized

2018-02-14 18:00:29 - [TEST_STEP][PASSED] - navigateToUrl: Navigate to 'http://172.16.0.78:8081/niku/nu#' successfully

2018-02-14 18:00:31 - [MESSAGE][PASSED] - Navigate to 'http://172.16.0.78:8081/niku/nu#' successfully

2018-02-14 18:00:31 - [TEST_STEP][PASSED] - delay: Delayed 3 second(s)

2018-02-14 18:00:34 - [MESSAGE][PASSED] - Delayed 3 second(s)

2018-02-14 18:00:34 - [TEST_STEP][PASSED] - Statement - extentTest1.log(INFO, "Browser Launched"): null

2018-02-14 18:00:34 - [TEST_STEP][PASSED] - Statement - username = com.kms.katalon.core.webui.common.WebUiCommonHelper.findWebElement(com.kms.katalon.core.testobject.ObjectRepository.findTestObject(CAPPM/Page_CA PPM  Login/input_userName), 3): Found 1 web elements with id: 'Object Repository/CAPPM/Page_CA PPM  Login/input_userName' located by 'By.xpath: //input[count(. | //*[@type = 'text']) = count(//*[@type = 'text'])][count(. | //*[@id = 'ppm_login_username']) = count(//*[@id = 'ppm_login_username'])][count(. | //*[@name = 'userName']) = count(//*[@name = 'userName'])]' in '3' second(s)

2018-02-14 18:00:34 - [TEST_STEP][PASSED] - Statement - applyhighlight(username): null

2018-02-14 18:00:34 - [TEST_STEP][PASSED] - Statement - driver = com.kms.katalon.core.webui.driver.DriverFactory.getWebDriver(): null

2018-02-14 18:00:34 - [TEST_STEP][PASSED] - Statement - js = driver: null

2018-02-14 18:00:34 - [TEST_STEP][PASSED] - Statement - js.executeScript("arguments[0].style.border='3px solid red'", element): null

2018-02-14 18:00:34 - [TEST_STEP][PASSED] - setText: Text 'admin' is set on object 'Object Repository/CAPPM/Page_CA PPM  Login/input_userName'

2018-02-14 18:00:34 - [MESSAGE][PASSED] - Text 'admin' is set on object 'Object Repository/CAPPM/Page_CA PPM  Login/input_userName'

2018-02-14 18:00:34 - [TEST_STEP][PASSED] - Statement - extentTest1.log(INFO, "Username is entered"): null

2018-02-14 18:00:34 - [TEST_STEP][PASSED] - Statement - password = com.kms.katalon.core.webui.common.WebUiCommonHelper.findWebElement(com.kms.katalon.core.testobject.ObjectRepository.findTestObject(CAPPM/Page_CA PPM  Login/input_passWord), 3): Found 1 web elements with id: 'Object Repository/CAPPM/Page_CA PPM  Login/input_passWord' located by 'By.xpath: //input[count(. | //*[@type = 'password']) = count(//*[@type = 'password'])][count(. | //*[@id = 'ppm_login_password']) = count(//*[@id = 'ppm_login_password'])][count(. | //*[@name = 'passWord']) = count(//*[@name = 'passWord'])]' in '3' second(s)

2018-02-14 18:00:34 - [TEST_STEP][PASSED] - Statement - applyhighlight(password): null

2018-02-14 18:00:34 - [TEST_STEP][PASSED] - Statement - driver = com.kms.katalon.core.webui.driver.DriverFactory.getWebDriver(): null

2018-02-14 18:00:34 - [TEST_STEP][PASSED] - Statement - js = driver: null

2018-02-14 18:00:34 - [TEST_STEP][PASSED] - Statement - js.executeScript("arguments[0].style.border='3px solid red'", element): null

2018-02-14 18:00:34 - [TEST_STEP][PASSED] - setText: Text 'Clarity@1' is set on object 'Object Repository/CAPPM/Page_CA PPM  Login/input_passWord'

2018-02-14 18:00:34 - [MESSAGE][PASSED] - Text 'Clarity@1' is set on object 'Object Repository/CAPPM/Page_CA PPM  Login/input_passWord'

2018-02-14 18:00:34 - [TEST_STEP][PASSED] - Statement - extentTest1.log(INFO, "Password is entered"): null

2018-02-14 18:00:34 - [TEST_STEP][PASSED] - Statement - buttonclick = com.kms.katalon.core.webui.common.WebUiCommonHelper.findWebElement(com.kms.katalon.core.testobject.ObjectRepository.findTestObject(CAPPM/Page_CA PPM  Login/input_ppm_login_button), 3): Found 1 web elements with id: 'Object Repository/CAPPM/Page_CA PPM  Login/input_ppm_login_button' located by 'By.xpath: //input[count(. | //*[@type = 'button']) = count(//*[@type = 'button'])][count(. | //*[@id = 'ppm_login_button']) = count(//*[@id = 'ppm_login_button'])]' in '3' second(s)

2018-02-14 18:00:34 - [TEST_STEP][PASSED] - Statement - screenShotPathLogin = capture("LoginPage"): null

2018-02-14 18:00:34 - [TEST_STEP][PASSED] - Statement - driver = com.kms.katalon.core.webui.driver.DriverFactory.getWebDriver(): null

2018-02-14 18:00:34 - [TEST_STEP][PASSED] - Statement - ts = driver: null

2018-02-14 18:00:34 - [TEST_STEP][PASSED] - Statement - source = ts.getScreenshotAs(FILE): null

2018-02-14 18:00:35 - [TEST_STEP][PASSED] - Statement - dest = "D:\Katalon_CAPPM\Results\screenshots\" + screenShotName + ".png": null

2018-02-14 18:00:35 - [TEST_STEP][PASSED] - Statement - destination = new java.io.File(dest): null

2018-02-14 18:00:35 - [TEST_STEP][PASSED] - Statement - org.apache.commons.io.FileUtils.copyFile(source, destination): null

2018-02-14 18:00:35 - [TEST_STEP][PASSED] - Statement - return dest: null

2018-02-14 18:00:35 - [TEST_STEP][PASSED] - Statement - extentTest1.log(PASS, "Snapshot below: " + extentTest1.addScreenCapture(screenShotPathLogin)): null

2018-02-14 18:00:35 - [TEST_STEP][PASSED] - Statement - applyhighlight(buttonclick): null

2018-02-14 18:00:35 - [TEST_STEP][PASSED] - Statement - driver = com.kms.katalon.core.webui.driver.DriverFactory.getWebDriver(): null

2018-02-14 18:00:35 - [TEST_STEP][PASSED] - Statement - js = driver: null

2018-02-14 18:00:35 - [TEST_STEP][PASSED] - Statement - js.executeScript("arguments[0].style.border='3px solid red'", element): null

2018-02-14 18:00:35 - [TEST_STEP][PASSED] - delay: Delayed 2 second(s)

2018-02-14 18:00:37 - [MESSAGE][PASSED] - Delayed 2 second(s)

2018-02-14 18:00:37 - [TEST_STEP][PASSED] - click: Object: 'Object Repository/CAPPM/Page_CA PPM  Login/input_ppm_login_button' is clicked on

2018-02-14 18:00:40 - [MESSAGE][PASSED] - Object: 'Object Repository/CAPPM/Page_CA PPM  Login/input_ppm_login_button' is clicked on

2018-02-14 18:00:40 - [TEST_STEP][PASSED] - delay: Delayed 3 second(s)

2018-02-14 18:00:43 - [MESSAGE][PASSED] - Delayed 3 second(s)

2018-02-14 18:00:43 - [TEST_STEP][PASSED] - Statement - home_page1 = <not implemented yet for class: org.codehaus.groovy.ast.expr.EmptyExpression>: null

2018-02-14 18:00:43 - [TEST_STEP][PASSED] - Statement - Try: Found 1 web elements with id: 'Object Repository/CAPPM/Page_CA PPM  Job Type CA PPM Adapte/span_Home' located by 'By.xpath: //span[count(. | //*[@id = 'ppm_nav_app']) = count(//*[@id = 'ppm_nav_app'])][count(. | //*[@alt = 'Home']) = count(//*[@alt = 'Home'])][count(. | //*[text() = 'Home']) = count(//*[text() = 'Home'])]' in '1' second(s)

2018-02-14 18:00:43 - [TEST_STEP][PASSED] - Statement - home_page1 = com.kms.katalon.core.webui.common.WebUiCommonHelper.findWebElement(com.kms.katalon.core.testobject.ObjectRepository.findTestObject(CAPPM/Page_CA PPM  Job Type CA PPM Adapte/span_Home), 1): Found 1 web elements with id: 'Object Repository/CAPPM/Page_CA PPM  Job Type CA PPM Adapte/span_Home' located by 'By.xpath: //span[count(. | //*[@id = 'ppm_nav_app']) = count(//*[@id = 'ppm_nav_app'])][count(. | //*[@alt = 'Home']) = count(//*[@alt = 'Home'])][count(. | //*[text() = 'Home']) = count(//*[text() = 'Home'])]' in '1' second(s)

2018-02-14 18:00:43 - [TEST_STEP][PASSED] - Statement - login_sucess = home_page1.isEnabled() && home_page1.isDisplayed(): null

2018-02-14 18:00:43 - [TEST_STEP][PASSED] - Statement - println(login_sucess): null

2018-02-14 18:00:43 - [TEST_STEP][PASSED] - Statement - If (login_sucess): null

2018-02-14 18:00:43 - [TEST_STEP][PASSED] - Statement - extentTest1.log(PASS, "Login is Successfull"): null

2018-02-14 18:00:43 - [TEST_STEP][PASSED] - Statement - extent1.endTest(extentTest1): null

2018-02-14 18:00:43 - [TEST_STEP][PASSED] - Statement - extent1.flush(): null]]></system-out>
         <system-err><![CDATA[]]></system-err>
      </testcase>
      <testcase name="Test Cases/Main Test Cases/ValidationFields" classname="Test Cases/Main Test Cases/ValidationFields" status="ERROR">
         <error type="ERROR" message="Test Cases/Main Test Cases/ValidationFields FAILED because (of) java.lang.NullPointerException"/>
         <system-out><![CDATA[2018-02-14 18:00:43 - [TEST_CASE][ERROR] - Test Cases/Main Test Cases/ValidationFields: Test Cases/Main Test Cases/ValidationFields FAILED because (of) java.lang.NullPointerException

2018-02-14 18:00:44 - [TEST_STEP][PASSED] - Statement - extent1 = extent: null

2018-02-14 18:00:44 - [TEST_STEP][PASSED] - Statement - extentTest1 = test: null

2018-02-14 18:00:44 - [TEST_STEP][PASSED] - Statement - extentTest1 = extent1.startTest("Validation Fields TestCase"): null

2018-02-14 18:00:44 - [TEST_STEP][PASSED] - Statement - log = new com.kms.katalon.core.logging.KeywordLogger(): null

2018-02-14 18:00:44 - [TEST_STEP][PASSED] - Statement - myData = com.kms.katalon.core.testdata.TestDataFactory.findTestData(FieldsValidation): Reading excel file with source file 'D:\Katalon_CAPPM\ValidationOfFields.xls' and sheet name 'Field_Validation'

2018-02-14 18:00:44 - [TEST_STEP][PASSED] - Statement - println(myData.getAllData()): null

2018-02-14 18:00:44 - [TEST_STEP][PASSED] - Statement - row = myData.getRowNumbers(): null

2018-02-14 18:00:44 - [TEST_STEP][PASSED] - Statement - list_first_column = new java.util.ArrayList(): null

2018-02-14 18:00:44 - [TEST_STEP][PASSED] - Statement - list_second_column = new java.util.ArrayList(): null

2018-02-14 18:00:44 - [TEST_STEP][PASSED] - Statement - excel_field_names = new java.util.LinkedHashMap(): null

2018-02-14 18:00:44 - [TEST_STEP][PASSED] - Statement - For ([i = 1, i <= row, (i++)]): null

2018-02-14 18:00:44 - [TEST_STEP][PASSED] - Statement - list_first_column.add(myData.getValue(1, i)): null

2018-02-14 18:00:44 - [TEST_STEP][PASSED] - Statement - list_second_column.add(myData.getValue(2, i)): null

2018-02-14 18:00:44 - [TEST_STEP][PASSED] - Statement - excel_field_names.put(myData.getValue(2, i), myData.getValue(3, i)): null

2018-02-14 18:00:44 - [TEST_STEP][PASSED] - Statement - list_first_column.add(myData.getValue(1, i)): null

2018-02-14 18:00:44 - [TEST_STEP][PASSED] - Statement - list_second_column.add(myData.getValue(2, i)): null

2018-02-14 18:00:44 - [TEST_STEP][PASSED] - Statement - excel_field_names.put(myData.getValue(2, i), myData.getValue(3, i)): null

2018-02-14 18:00:44 - [TEST_STEP][PASSED] - Statement - list_first_column.add(myData.getValue(1, i)): null

2018-02-14 18:00:44 - [TEST_STEP][PASSED] - Statement - list_second_column.add(myData.getValue(2, i)): null

2018-02-14 18:00:44 - [TEST_STEP][PASSED] - Statement - excel_field_names.put(myData.getValue(2, i), myData.getValue(3, i)): null

2018-02-14 18:00:44 - [TEST_STEP][PASSED] - Statement - list_first_column.add(myData.getValue(1, i)): null

2018-02-14 18:00:44 - [TEST_STEP][PASSED] - Statement - list_second_column.add(myData.getValue(2, i)): null

2018-02-14 18:00:44 - [TEST_STEP][PASSED] - Statement - excel_field_names.put(myData.getValue(2, i), myData.getValue(3, i)): null

2018-02-14 18:00:44 - [TEST_STEP][PASSED] - Statement - list_first_column.add(myData.getValue(1, i)): null

2018-02-14 18:00:44 - [TEST_STEP][PASSED] - Statement - list_second_column.add(myData.getValue(2, i)): null

2018-02-14 18:00:44 - [TEST_STEP][PASSED] - Statement - excel_field_names.put(myData.getValue(2, i), myData.getValue(3, i)): null

2018-02-14 18:00:44 - [TEST_STEP][PASSED] - Statement - list_first_column.add(myData.getValue(1, i)): null

2018-02-14 18:00:44 - [TEST_STEP][PASSED] - Statement - list_second_column.add(myData.getValue(2, i)): null

2018-02-14 18:00:44 - [TEST_STEP][PASSED] - Statement - excel_field_names.put(myData.getValue(2, i), myData.getValue(3, i)): null

2018-02-14 18:00:44 - [TEST_STEP][PASSED] - Statement - list_first_column.add(myData.getValue(1, i)): null

2018-02-14 18:00:44 - [TEST_STEP][PASSED] - Statement - list_second_column.add(myData.getValue(2, i)): null

2018-02-14 18:00:44 - [TEST_STEP][PASSED] - Statement - excel_field_names.put(myData.getValue(2, i), myData.getValue(3, i)): null

2018-02-14 18:00:44 - [TEST_STEP][PASSED] - Statement - list_first_column.add(myData.getValue(1, i)): null

2018-02-14 18:00:44 - [TEST_STEP][PASSED] - Statement - list_second_column.add(myData.getValue(2, i)): null

2018-02-14 18:00:44 - [TEST_STEP][PASSED] - Statement - excel_field_names.put(myData.getValue(2, i), myData.getValue(3, i)): null

2018-02-14 18:00:44 - [TEST_STEP][PASSED] - Statement - list_first_column.add(myData.getValue(1, i)): null

2018-02-14 18:00:44 - [TEST_STEP][PASSED] - Statement - list_second_column.add(myData.getValue(2, i)): null

2018-02-14 18:00:44 - [TEST_STEP][PASSED] - Statement - excel_field_names.put(myData.getValue(2, i), myData.getValue(3, i)): null

2018-02-14 18:00:44 - [TEST_STEP][PASSED] - Statement - list_first_column.add(myData.getValue(1, i)): null

2018-02-14 18:00:44 - [TEST_STEP][PASSED] - Statement - list_second_column.add(myData.getValue(2, i)): null

2018-02-14 18:00:44 - [TEST_STEP][PASSED] - Statement - excel_field_names.put(myData.getValue(2, i), myData.getValue(3, i)): null

2018-02-14 18:00:44 - [TEST_STEP][PASSED] - Statement - list_first_column.add(myData.getValue(1, i)): null

2018-02-14 18:00:44 - [TEST_STEP][PASSED] - Statement - list_second_column.add(myData.getValue(2, i)): null

2018-02-14 18:00:44 - [TEST_STEP][PASSED] - Statement - excel_field_names.put(myData.getValue(2, i), myData.getValue(3, i)): null

2018-02-14 18:00:44 - [TEST_STEP][PASSED] - Statement - list_first_column.add(myData.getValue(1, i)): null

2018-02-14 18:00:44 - [TEST_STEP][PASSED] - Statement - list_second_column.add(myData.getValue(2, i)): null

2018-02-14 18:00:44 - [TEST_STEP][PASSED] - Statement - excel_field_names.put(myData.getValue(2, i), myData.getValue(3, i)): null

2018-02-14 18:00:44 - [TEST_STEP][PASSED] - Statement - list_first_column.add(myData.getValue(1, i)): null

2018-02-14 18:00:44 - [TEST_STEP][PASSED] - Statement - list_second_column.add(myData.getValue(2, i)): null

2018-02-14 18:00:44 - [TEST_STEP][PASSED] - Statement - excel_field_names.put(myData.getValue(2, i), myData.getValue(3, i)): null

2018-02-14 18:00:44 - [TEST_STEP][PASSED] - Statement - list_first_column.add(myData.getValue(1, i)): null

2018-02-14 18:00:44 - [TEST_STEP][PASSED] - Statement - list_second_column.add(myData.getValue(2, i)): null

2018-02-14 18:00:44 - [TEST_STEP][PASSED] - Statement - excel_field_names.put(myData.getValue(2, i), myData.getValue(3, i)): null

2018-02-14 18:00:44 - [TEST_STEP][PASSED] - Statement - list_first_column.add(myData.getValue(1, i)): null

2018-02-14 18:00:44 - [TEST_STEP][PASSED] - Statement - list_second_column.add(myData.getValue(2, i)): null

2018-02-14 18:00:44 - [TEST_STEP][PASSED] - Statement - excel_field_names.put(myData.getValue(2, i), myData.getValue(3, i)): null

2018-02-14 18:00:44 - [TEST_STEP][PASSED] - Statement - list_first_column.add(myData.getValue(1, i)): null

2018-02-14 18:00:44 - [TEST_STEP][PASSED] - Statement - list_second_column.add(myData.getValue(2, i)): null

2018-02-14 18:00:44 - [TEST_STEP][PASSED] - Statement - excel_field_names.put(myData.getValue(2, i), myData.getValue(3, i)): null

2018-02-14 18:00:44 - [TEST_STEP][PASSED] - Statement - list_first_column.add(myData.getValue(1, i)): null

2018-02-14 18:00:44 - [TEST_STEP][PASSED] - Statement - list_second_column.add(myData.getValue(2, i)): null

2018-02-14 18:00:44 - [TEST_STEP][PASSED] - Statement - excel_field_names.put(myData.getValue(2, i), myData.getValue(3, i)): null

2018-02-14 18:00:44 - [TEST_STEP][PASSED] - Statement - println(list_first_column): null

2018-02-14 18:00:44 - [TEST_STEP][PASSED] - Statement - println(list_second_column): null

2018-02-14 18:00:44 - [TEST_STEP][PASSED] - Statement - println(excel_field_names): null

2018-02-14 18:00:44 - [TEST_STEP][PASSED] - Statement - home_page = com.kms.katalon.core.webui.common.WebUiCommonHelper.findWebElement(com.kms.katalon.core.testobject.ObjectRepository.findTestObject(CAPPM/Page_CA PPM  Job Type CA PPM Adapte/span_Home), 3): Found 1 web elements with id: 'Object Repository/CAPPM/Page_CA PPM  Job Type CA PPM Adapte/span_Home' located by 'By.xpath: //span[count(. | //*[@id = 'ppm_nav_app']) = count(//*[@id = 'ppm_nav_app'])][count(. | //*[@alt = 'Home']) = count(//*[@alt = 'Home'])][count(. | //*[text() = 'Home']) = count(//*[text() = 'Home'])]' in '3' second(s)

2018-02-14 18:00:44 - [TEST_STEP][PASSED] - Statement - applyhighlight(home_page): null

2018-02-14 18:00:44 - [TEST_STEP][PASSED] - Statement - driver = com.kms.katalon.core.webui.driver.DriverFactory.getWebDriver(): null

2018-02-14 18:00:44 - [TEST_STEP][PASSED] - Statement - js = driver: null

2018-02-14 18:00:44 - [TEST_STEP][PASSED] - Statement - js.executeScript("arguments[0].style.border='3px solid red'", element): null

2018-02-14 18:00:44 - [TEST_STEP][PASSED] - click: Object: 'Object Repository/Page_CA PPM  Overview General/span_Home' is clicked on

2018-02-14 18:00:44 - [MESSAGE][PASSED] - Object: 'Object Repository/Page_CA PPM  Overview General/span_Home' is clicked on

2018-02-14 18:00:44 - [TEST_STEP][PASSED] - delay: Delayed 2 second(s)

2018-02-14 18:00:46 - [MESSAGE][PASSED] - Delayed 2 second(s)

2018-02-14 18:00:46 - [TEST_STEP][PASSED] - Statement - CA_PPM_Adapter_Config_List = com.kms.katalon.core.webui.common.WebUiCommonHelper.findWebElement(com.kms.katalon.core.testobject.ObjectRepository.findTestObject(Page_CA PPM  Overview General/a_CA PPM Adapter Config List), 3): Found 1 web elements with id: 'Object Repository/Page_CA PPM  Overview General/a_CA PPM Adapter Config List' located by 'By.xpath: //a[@title='CA PPM Adapter Config List']' in '3' second(s)

2018-02-14 18:00:47 - [TEST_STEP][PASSED] - Statement - applyhighlight(CA_PPM_Adapter_Config_List): null

2018-02-14 18:00:47 - [TEST_STEP][PASSED] - Statement - driver = com.kms.katalon.core.webui.driver.DriverFactory.getWebDriver(): null

2018-02-14 18:00:47 - [TEST_STEP][PASSED] - Statement - js = driver: null

2018-02-14 18:00:47 - [TEST_STEP][PASSED] - Statement - js.executeScript("arguments[0].style.border='3px solid red'", element): null

2018-02-14 18:00:47 - [TEST_STEP][PASSED] - delay: Delayed 1 second(s)

2018-02-14 18:00:48 - [MESSAGE][PASSED] - Delayed 1 second(s)

2018-02-14 18:00:48 - [TEST_STEP][PASSED] - click: Object: 'Object Repository/Page_CA PPM  Overview General/a_CA PPM Adapter Config List' is clicked on

2018-02-14 18:00:48 - [MESSAGE][PASSED] - Object: 'Object Repository/Page_CA PPM  Overview General/a_CA PPM Adapter Config List' is clicked on

2018-02-14 18:00:48 - [TEST_STEP][PASSED] - Statement - removehighlight(home_page): null

2018-02-14 18:00:48 - [TEST_STEP][PASSED] - Statement - driver = com.kms.katalon.core.webui.driver.DriverFactory.getWebDriver(): null

2018-02-14 18:00:48 - [TEST_STEP][PASSED] - Statement - js = driver: null

2018-02-14 18:00:48 - [TEST_STEP][PASSED] - Statement - js.executeScript("arguments[0].style.border=''", element): null

2018-02-14 18:00:48 - [TEST_STEP][PASSED] - delay: Delayed 1 second(s)

2018-02-14 18:00:49 - [MESSAGE][PASSED] - Delayed 1 second(s)

2018-02-14 18:00:49 - [TEST_STEP][PASSED] - Statement - extentTest1.log(INFO, "Entered into GD Adapter Config List"): null

2018-02-14 18:00:49 - [TEST_STEP][PASSED] - Statement - screenShotPathFields = capture("ConfigListValidation"): null

2018-02-14 18:00:49 - [TEST_STEP][PASSED] - Statement - driver = com.kms.katalon.core.webui.driver.DriverFactory.getWebDriver(): null

2018-02-14 18:00:49 - [TEST_STEP][PASSED] - Statement - ts = driver: null

2018-02-14 18:00:49 - [TEST_STEP][PASSED] - Statement - source = ts.getScreenshotAs(FILE): null

2018-02-14 18:00:49 - [TEST_STEP][PASSED] - Statement - dest = "D:\Katalon_CAPPM\Results\screenshots\" + screenShotName + ".png": null

2018-02-14 18:00:49 - [TEST_STEP][PASSED] - Statement - destination = new java.io.File(dest): null

2018-02-14 18:00:49 - [TEST_STEP][PASSED] - Statement - org.apache.commons.io.FileUtils.copyFile(source, destination): null

2018-02-14 18:00:49 - [TEST_STEP][PASSED] - Statement - return dest: null

2018-02-14 18:00:49 - [TEST_STEP][PASSED] - Statement - extentTest1.log(PASS, "Snapshot below: " + extentTest1.addScreenCapture(screenShotPathFields)): null

2018-02-14 18:00:49 - [TEST_STEP][PASSED] - Statement - removehighlight(CA_PPM_Adapter_Config_List): null

2018-02-14 18:00:49 - [TEST_STEP][PASSED] - Statement - driver = com.kms.katalon.core.webui.driver.DriverFactory.getWebDriver(): null

2018-02-14 18:00:49 - [TEST_STEP][PASSED] - Statement - js = driver: null

2018-02-14 18:00:49 - [TEST_STEP][PASSED] - Statement - js.executeScript("arguments[0].style.border=''", element): null

2018-02-14 18:00:49 - [TEST_STEP][PASSED] - Statement - a_Transaction_fields = com.kms.katalon.core.webui.common.WebUiCommonHelper.findWebElement(com.kms.katalon.core.testobject.ObjectRepository.findTestObject(Page_CA PPM  CA PPM Adapter Config/a_Transaction), 3): Found 1 web elements with id: 'Object Repository/Page_CA PPM  CA PPM Adapter Config/a_Transaction' located by 'By.xpath: //a[count(. | //*[@id = 'odf.customObject']) = count(//*[@id = 'odf.customObject'])][count(. | //*[@href = '#action:odf.customObject&odf_code=gd_adaptor_config&odf_parent_id=5000000&id=5000000']) = count(//*[@href = '#action:odf.customObject&odf_code=gd_adaptor_config&odf_parent_id=5000000&id=5000000'])][count(. | //*[@title = 'Transaction']) = count(//*[@title = 'Transaction'])][count(. | //*[text() = 'Transaction']) = count(//*[text() = 'Transaction'])]' in '3' second(s)

2018-02-14 18:00:49 - [TEST_STEP][PASSED] - Statement - applyhighlight(a_Transaction_fields): null

2018-02-14 18:00:49 - [TEST_STEP][PASSED] - Statement - driver = com.kms.katalon.core.webui.driver.DriverFactory.getWebDriver(): null

2018-02-14 18:00:49 - [TEST_STEP][PASSED] - Statement - js = driver: null

2018-02-14 18:00:49 - [TEST_STEP][PASSED] - Statement - js.executeScript("arguments[0].style.border='3px solid red'", element): null

2018-02-14 18:00:49 - [TEST_STEP][PASSED] - delay: Delayed 1 second(s)

2018-02-14 18:00:50 - [MESSAGE][PASSED] - Delayed 1 second(s)

2018-02-14 18:00:50 - [TEST_STEP][PASSED] - click: Object: 'Object Repository/Page_CA PPM  CA PPM Adapter Config/a_Transaction' is clicked on

2018-02-14 18:00:50 - [MESSAGE][PASSED] - Object: 'Object Repository/Page_CA PPM  CA PPM Adapter Config/a_Transaction' is clicked on

2018-02-14 18:00:50 - [TEST_STEP][PASSED] - delay: Delayed 1 second(s)

2018-02-14 18:00:51 - [MESSAGE][PASSED] - Delayed 1 second(s)

2018-02-14 18:00:51 - [TEST_STEP][PASSED] - Statement - extentTest1.log(INFO, "Clicked on the Transaction Button"): null

2018-02-14 18:00:51 - [TEST_STEP][PASSED] - Statement - screenShotPathFields_Txn = capture("Transaction_button"): null

2018-02-14 18:00:51 - [TEST_STEP][PASSED] - Statement - driver = com.kms.katalon.core.webui.driver.DriverFactory.getWebDriver(): null

2018-02-14 18:00:51 - [TEST_STEP][PASSED] - Statement - ts = driver: null

2018-02-14 18:00:51 - [TEST_STEP][PASSED] - Statement - source = ts.getScreenshotAs(FILE): null

2018-02-14 18:00:52 - [TEST_STEP][PASSED] - Statement - dest = "D:\Katalon_CAPPM\Results\screenshots\" + screenShotName + ".png": null

2018-02-14 18:00:52 - [TEST_STEP][PASSED] - Statement - destination = new java.io.File(dest): null

2018-02-14 18:00:52 - [TEST_STEP][PASSED] - Statement - org.apache.commons.io.FileUtils.copyFile(source, destination): null

2018-02-14 18:00:52 - [TEST_STEP][PASSED] - Statement - return dest: null

2018-02-14 18:00:52 - [TEST_STEP][PASSED] - Statement - extentTest1.log(PASS, "Snapshot below: " + extentTest1.addScreenCapture(screenShotPathFields_Txn)): null

2018-02-14 18:00:52 - [TEST_STEP][PASSED] - Statement - FileProperties = com.kms.katalon.core.webui.common.WebUiCommonHelper.findWebElement(com.kms.katalon.core.testobject.ObjectRepository.findTestObject(Page_CA PPM  Overview General/FileProperties), 3): Found 1 web elements with id: 'Object Repository/Page_CA PPM  Overview General/FileProperties' located by 'By.xpath: //*[@id="ppm_app"]/div[3]/span[2]/span[1]/a' in '3' second(s)

2018-02-14 18:00:52 - [TEST_STEP][PASSED] - Statement - applyhighlight(FileProperties): null

2018-02-14 18:00:52 - [TEST_STEP][PASSED] - Statement - driver = com.kms.katalon.core.webui.driver.DriverFactory.getWebDriver(): null

2018-02-14 18:00:52 - [TEST_STEP][PASSED] - Statement - js = driver: null

2018-02-14 18:00:52 - [TEST_STEP][PASSED] - Statement - js.executeScript("arguments[0].style.border='3px solid red'", element): null

2018-02-14 18:00:52 - [TEST_STEP][PASSED] - delay: Delayed 1 second(s)

2018-02-14 18:00:53 - [MESSAGE][PASSED] - Delayed 1 second(s)

2018-02-14 18:00:53 - [TEST_STEP][PASSED] - click: Object: 'Object Repository/Page_CA PPM  Overview General/FileProperties' is clicked on

2018-02-14 18:00:53 - [MESSAGE][PASSED] - Object: 'Object Repository/Page_CA PPM  Overview General/FileProperties' is clicked on

2018-02-14 18:00:53 - [TEST_STEP][PASSED] - Statement - a_File_Config = com.kms.katalon.core.webui.common.WebUiCommonHelper.findWebElement(com.kms.katalon.core.testobject.ObjectRepository.findTestObject(Page_CA PPM  CA PPM Adapter Config/a_File Config), 3): Found 1 web elements with id: 'Object Repository/Page_CA PPM  CA PPM Adapter Config/a_File Config' located by 'By.xpath: //*[@title="File Config"]' in '3' second(s)

2018-02-14 18:00:53 - [TEST_STEP][PASSED] - Statement - applyhighlight(a_File_Config): null

2018-02-14 18:00:53 - [TEST_STEP][PASSED] - Statement - driver = com.kms.katalon.core.webui.driver.DriverFactory.getWebDriver(): null

2018-02-14 18:00:53 - [TEST_STEP][PASSED] - Statement - js = driver: null

2018-02-14 18:00:53 - [TEST_STEP][PASSED] - Statement - js.executeScript("arguments[0].style.border='3px solid red'", element): null

2018-02-14 18:00:53 - [TEST_STEP][PASSED] - delay: Delayed 1 second(s)

2018-02-14 18:00:54 - [MESSAGE][PASSED] - Delayed 1 second(s)

2018-02-14 18:00:54 - [TEST_STEP][PASSED] - click: Object: 'Object Repository/Page_CA PPM  CA PPM Adapter Config/a_File Config' is clicked on

2018-02-14 18:00:54 - [MESSAGE][PASSED] - Object: 'Object Repository/Page_CA PPM  CA PPM Adapter Config/a_File Config' is clicked on

2018-02-14 18:00:54 - [TEST_STEP][PASSED] - delay: Delayed 1 second(s)

2018-02-14 18:00:55 - [MESSAGE][PASSED] - Delayed 1 second(s)

2018-02-14 18:00:55 - [TEST_STEP][PASSED] - Statement - extentTest1.log(INFO, "Entered into File Configuration Page"): null

2018-02-14 18:00:55 - [TEST_STEP][PASSED] - Statement - screenShotPathFields_page = capture("File_Configuration_page"): null

2018-02-14 18:00:55 - [TEST_STEP][PASSED] - Statement - driver = com.kms.katalon.core.webui.driver.DriverFactory.getWebDriver(): null

2018-02-14 18:00:55 - [TEST_STEP][PASSED] - Statement - ts = driver: null

2018-02-14 18:00:55 - [TEST_STEP][PASSED] - Statement - source = ts.getScreenshotAs(FILE): null

2018-02-14 18:00:55 - [TEST_STEP][PASSED] - Statement - dest = "D:\Katalon_CAPPM\Results\screenshots\" + screenShotName + ".png": null

2018-02-14 18:00:55 - [TEST_STEP][PASSED] - Statement - destination = new java.io.File(dest): null

2018-02-14 18:00:55 - [TEST_STEP][PASSED] - Statement - org.apache.commons.io.FileUtils.copyFile(source, destination): null

2018-02-14 18:00:55 - [TEST_STEP][PASSED] - Statement - return dest: null

2018-02-14 18:00:55 - [TEST_STEP][PASSED] - Statement - extentTest1.log(PASS, "Snapshot below: " + extentTest1.addScreenCapture(screenShotPathFields_page)): null

2018-02-14 18:00:55 - [TEST_STEP][PASSED] - Statement - InputFilePath = com.kms.katalon.core.webui.keyword.WebUiBuiltInKeywords.getAttribute(com.kms.katalon.core.testobject.ObjectRepository.findTestObject(Object Repository/Page_CA PPM  CA PPM Adapter Config/InputFilePath), "value"): Attribute 'value' of object 'Object Repository/Page_CA PPM  CA PPM Adapter Config/InputFilePath' is: '/app/Interfaces/FinancialTransaction/Inbound'

2018-02-14 18:00:56 - [MESSAGE][PASSED] - Attribute 'value' of object 'Object Repository/Page_CA PPM  CA PPM Adapter Config/InputFilePath' is: '/app/Interfaces/FinancialTransaction/Inbound'

2018-02-14 18:00:56 - [TEST_STEP][PASSED] - Statement - InputFileName = com.kms.katalon.core.webui.keyword.WebUiBuiltInKeywords.getAttribute(com.kms.katalon.core.testobject.ObjectRepository.findTestObject(Page_CA PPM  CA PPM Adapter Config/InputFileName), "value"): Attribute 'value' of object 'Object Repository/Page_CA PPM  CA PPM Adapter Config/InputFileName' is: 'Transactions_.csv'

2018-02-14 18:00:56 - [MESSAGE][PASSED] - Attribute 'value' of object 'Object Repository/Page_CA PPM  CA PPM Adapter Config/InputFileName' is: 'Transactions_.csv'

2018-02-14 18:00:56 - [TEST_STEP][PASSED] - Statement - ArchiveFilePath = com.kms.katalon.core.webui.keyword.WebUiBuiltInKeywords.getAttribute(com.kms.katalon.core.testobject.ObjectRepository.findTestObject(Object Repository/Page_CA PPM  CA PPM Adapter Config/ArchiveFilePath), "value"): Attribute 'value' of object 'Object Repository/Page_CA PPM  CA PPM Adapter Config/ArchiveFilePath' is: '/app/Interfaces/FinancialTransaction/Complete'

2018-02-14 18:00:56 - [MESSAGE][PASSED] - Attribute 'value' of object 'Object Repository/Page_CA PPM  CA PPM Adapter Config/ArchiveFilePath' is: '/app/Interfaces/FinancialTransaction/Complete'

2018-02-14 18:00:56 - [TEST_STEP][PASSED] - Statement - ErrorFilePath = com.kms.katalon.core.webui.keyword.WebUiBuiltInKeywords.getAttribute(com.kms.katalon.core.testobject.ObjectRepository.findTestObject(Object Repository/Page_CA PPM  CA PPM Adapter Config/ErrorFilePath), "value"): Attribute 'value' of object 'Object Repository/Page_CA PPM  CA PPM Adapter Config/ErrorFilePath' is: '/app/Interfaces/FinancialTransaction/Error'

2018-02-14 18:00:56 - [MESSAGE][PASSED] - Attribute 'value' of object 'Object Repository/Page_CA PPM  CA PPM Adapter Config/ErrorFilePath' is: '/app/Interfaces/FinancialTransaction/Error'

2018-02-14 18:00:56 - [TEST_STEP][PASSED] - Statement - FileDataFormat = com.kms.katalon.core.webui.keyword.WebUiBuiltInKeywords.getAttribute(com.kms.katalon.core.testobject.ObjectRepository.findTestObject(Object Repository/Page_CA PPM  CA PPM Adapter Config/FileDataFormat), "value"): Attribute 'value' of object 'Object Repository/Page_CA PPM  CA PPM Adapter Config/FileDataFormat' is: '_yyyy_MM_dd_HH_mm_ss'

2018-02-14 18:00:56 - [MESSAGE][PASSED] - Attribute 'value' of object 'Object Repository/Page_CA PPM  CA PPM Adapter Config/FileDataFormat' is: '_yyyy_MM_dd_HH_mm_ss'

2018-02-14 18:00:56 - [TEST_STEP][PASSED] - Statement - FileAppendTimestamp = com.kms.katalon.core.webui.keyword.WebUiBuiltInKeywords.getAttribute(com.kms.katalon.core.testobject.ObjectRepository.findTestObject(Object Repository/Page_CA PPM  CA PPM Adapter Config/FileAppendTimestamp), "checked"): Attribute 'checked' of object 'Object Repository/Page_CA PPM  CA PPM Adapter Config/FileAppendTimestamp' is: 'true'

2018-02-14 18:00:56 - [MESSAGE][PASSED] - Attribute 'checked' of object 'Object Repository/Page_CA PPM  CA PPM Adapter Config/FileAppendTimestamp' is: 'true'

2018-02-14 18:00:56 - [TEST_STEP][PASSED] - Statement - FileDelimiter = com.kms.katalon.core.webui.keyword.WebUiBuiltInKeywords.getAttribute(com.kms.katalon.core.testobject.ObjectRepository.findTestObject(Object Repository/Page_CA PPM  CA PPM Adapter Config/FileDelimiter), "value"): Attribute 'value' of object 'Object Repository/Page_CA PPM  CA PPM Adapter Config/FileDelimiter' is: ','

2018-02-14 18:00:56 - [MESSAGE][PASSED] - Attribute 'value' of object 'Object Repository/Page_CA PPM  CA PPM Adapter Config/FileDelimiter' is: ','

2018-02-14 18:00:56 - [TEST_STEP][PASSED] - Statement - DataRowStartsAt = com.kms.katalon.core.webui.keyword.WebUiBuiltInKeywords.getAttribute(com.kms.katalon.core.testobject.ObjectRepository.findTestObject(Object Repository/Page_CA PPM  CA PPM Adapter Config/DataRowStartsAt), "value"): Attribute 'value' of object 'Object Repository/Page_CA PPM  CA PPM Adapter Config/DataRowStartsAt' is: '1'

2018-02-14 18:00:56 - [MESSAGE][PASSED] - Attribute 'value' of object 'Object Repository/Page_CA PPM  CA PPM Adapter Config/DataRowStartsAt' is: '1'

2018-02-14 18:00:56 - [TEST_STEP][PASSED] - Statement - NoofColumnsInFile = com.kms.katalon.core.webui.keyword.WebUiBuiltInKeywords.getAttribute(com.kms.katalon.core.testobject.ObjectRepository.findTestObject(Object Repository/Page_CA PPM  CA PPM Adapter Config/NoofColumnsInFile), "value"): Attribute 'value' of object 'Object Repository/Page_CA PPM  CA PPM Adapter Config/NoofColumnsInFile' is: '9'

2018-02-14 18:00:56 - [MESSAGE][PASSED] - Attribute 'value' of object 'Object Repository/Page_CA PPM  CA PPM Adapter Config/NoofColumnsInFile' is: '9'

2018-02-14 18:00:56 - [TEST_STEP][PASSED] - Statement - select = new org.openqa.selenium.support.ui.Select(com.kms.katalon.core.webui.common.WebUiCommonHelper.findWebElement(com.kms.katalon.core.testobject.ObjectRepository.findTestObject(Object Repository/Page_CA PPM  CA PPM Adapter Config/ProcessFile), 3)): Found 1 web elements with id: 'Object Repository/Page_CA PPM  CA PPM Adapter Config/ProcessFile' located by 'By.xpath: //select[@name="process_files"]' in '3' second(s)

2018-02-14 18:00:56 - [TEST_STEP][PASSED] - Statement - option = select.getFirstSelectedOption(): null]]></system-out>
         <system-err><![CDATA[2018-02-14 18:00:43 - [TEST_CASE][ERROR] - Test Cases/Main Test Cases/ValidationFields: Test Cases/Main Test Cases/ValidationFields FAILED because (of) java.lang.NullPointerException]]></system-err>
      </testcase>
      <testcase name="Test Cases/Main Test Cases/AddBussinessRule" classname="Test Cases/Main Test Cases/AddBussinessRule" status="ERROR">
         <error type="ERROR" message="Test Cases/Main Test Cases/AddBussinessRule FAILED because (of) org.openqa.selenium.NoSuchWindowException: no such window: target window already closed
from unknown error: web view not found
  (Session info: chrome=64.0.3282.167)
  (Driver info: chromedriver=2.33.506120 (e3e53437346286c0bc2d2dc9aa4915ba81d9023f),platform=Windows NT 10.0.14393 x86_64) (WARNING: The server did not provide any stacktrace information)
Command duration or timeout: 0 milliseconds
Build info: version: '3.7.1', revision: '8a0099a', time: '2017-11-06T21:07:36.161Z'
System info: host: 'ETHYDLP082', ip: '192.168.14.76', os.name: 'Windows 10', os.arch: 'amd64', os.version: '10.0', java.version: '1.8.0_102'
Driver info: com.kms.katalon.selenium.driver.CChromeDriver
Capabilities {acceptSslCerts: true, applicationCacheEnabled: false, browserConnectionEnabled: false, browserName: chrome, chrome: {chromedriverVersion: 2.33.506120 (e3e53437346286..., userDataDir: C:\Users\Abhishek.B\AppData...}, cssSelectorsEnabled: true, databaseEnabled: false, handlesAlerts: true, hasTouchScreen: false, javascriptEnabled: true, locationContextEnabled: true, mobileEmulationEnabled: false, nativeEvents: true, networkConnectionEnabled: false, pageLoadStrategy: normal, platform: XP, platformName: XP, rotatable: false, setWindowRect: true, takesHeapSnapshot: true, takesScreenshot: true, unexpectedAlertBehaviour: , unhandledPromptBehavior: , version: 64.0.3282.167, webStorageEnabled: true}
Session ID: 34075e18e49c5e59a4296645b6b6ff75
*** Element info: {Using=xpath, value=//*[@id=&quot;ppm_app&quot;]/div[3]/span[2]/span[1]/a}"/>
         <system-out><![CDATA[2018-02-14 18:00:56 - [TEST_CASE][ERROR] - Test Cases/Main Test Cases/AddBussinessRule: Test Cases/Main Test Cases/AddBussinessRule FAILED because (of) org.openqa.selenium.NoSuchWindowException: no such window: target window already closed
from unknown error: web view not found
  (Session info: chrome=64.0.3282.167)
  (Driver info: chromedriver=2.33.506120 (e3e53437346286c0bc2d2dc9aa4915ba81d9023f),platform=Windows NT 10.0.14393 x86_64) (WARNING: The server did not provide any stacktrace information)
Command duration or timeout: 0 milliseconds
Build info: version: '3.7.1', revision: '8a0099a', time: '2017-11-06T21:07:36.161Z'
System info: host: 'ETHYDLP082', ip: '192.168.14.76', os.name: 'Windows 10', os.arch: 'amd64', os.version: '10.0', java.version: '1.8.0_102'
Driver info: com.kms.katalon.selenium.driver.CChromeDriver
Capabilities {acceptSslCerts: true, applicationCacheEnabled: false, browserConnectionEnabled: false, browserName: chrome, chrome: {chromedriverVersion: 2.33.506120 (e3e53437346286..., userDataDir: C:\Users\Abhishek.B\AppData...}, cssSelectorsEnabled: true, databaseEnabled: false, handlesAlerts: true, hasTouchScreen: false, javascriptEnabled: true, locationContextEnabled: true, mobileEmulationEnabled: false, nativeEvents: true, networkConnectionEnabled: false, pageLoadStrategy: normal, platform: XP, platformName: XP, rotatable: false, setWindowRect: true, takesHeapSnapshot: true, takesScreenshot: true, unexpectedAlertBehaviour: , unhandledPromptBehavior: , version: 64.0.3282.167, webStorageEnabled: true}
Session ID: 34075e18e49c5e59a4296645b6b6ff75
*** Element info: {Using=xpath, value=//*[@id="ppm_app"]/div[3]/span[2]/span[1]/a}

2018-02-14 18:00:57 - [TEST_STEP][PASSED] - Statement - extent1 = extent: null

2018-02-14 18:00:57 - [TEST_STEP][PASSED] - Statement - extentTest1 = test: null

2018-02-14 18:00:57 - [TEST_STEP][PASSED] - Statement - extentTest1 = extent1.startTest("Add BussinessRules TestCase"): null

2018-02-14 18:00:57 - [TEST_STEP][PASSED] - Statement - log = new com.kms.katalon.core.logging.KeywordLogger(): null

2018-02-14 18:00:57 - [TEST_STEP][PASSED] - Statement - FileProperties_rule = com.kms.katalon.core.webui.common.WebUiCommonHelper.findWebElement(com.kms.katalon.core.testobject.ObjectRepository.findTestObject(Page_CA PPM  Overview General/FileProperties), 3): Finding web element with id: 'Object Repository/Page_CA PPM  Overview General/FileProperties' located by 'By.xpath: //*[@id="ppm_app"]/div[3]/span[2]/span[1]/a' in '3' second(s)]]></system-out>
         <system-err><![CDATA[2018-02-14 18:00:56 - [TEST_CASE][ERROR] - Test Cases/Main Test Cases/AddBussinessRule: Test Cases/Main Test Cases/AddBussinessRule FAILED because (of) org.openqa.selenium.NoSuchWindowException: no such window: target window already closed
from unknown error: web view not found
  (Session info: chrome=64.0.3282.167)
  (Driver info: chromedriver=2.33.506120 (e3e53437346286c0bc2d2dc9aa4915ba81d9023f),platform=Windows NT 10.0.14393 x86_64) (WARNING: The server did not provide any stacktrace information)
Command duration or timeout: 0 milliseconds
Build info: version: '3.7.1', revision: '8a0099a', time: '2017-11-06T21:07:36.161Z'
System info: host: 'ETHYDLP082', ip: '192.168.14.76', os.name: 'Windows 10', os.arch: 'amd64', os.version: '10.0', java.version: '1.8.0_102'
Driver info: com.kms.katalon.selenium.driver.CChromeDriver
Capabilities {acceptSslCerts: true, applicationCacheEnabled: false, browserConnectionEnabled: false, browserName: chrome, chrome: {chromedriverVersion: 2.33.506120 (e3e53437346286..., userDataDir: C:\Users\Abhishek.B\AppData...}, cssSelectorsEnabled: true, databaseEnabled: false, handlesAlerts: true, hasTouchScreen: false, javascriptEnabled: true, locationContextEnabled: true, mobileEmulationEnabled: false, nativeEvents: true, networkConnectionEnabled: false, pageLoadStrategy: normal, platform: XP, platformName: XP, rotatable: false, setWindowRect: true, takesHeapSnapshot: true, takesScreenshot: true, unexpectedAlertBehaviour: , unhandledPromptBehavior: , version: 64.0.3282.167, webStorageEnabled: true}
Session ID: 34075e18e49c5e59a4296645b6b6ff75
*** Element info: {Using=xpath, value=//*[@id="ppm_app"]/div[3]/span[2]/span[1]/a}]]></system-err>
      </testcase>
      <testcase name="Test Cases/Main Test Cases/RunTransactionAdaptorJob" classname="Test Cases/Main Test Cases/RunTransactionAdaptorJob" status="PASSED">
         <system-out><![CDATA[2018-02-14 18:00:57 - [TEST_CASE][PASSED] - Test Cases/Main Test Cases/RunTransactionAdaptorJob: Test Cases/Main Test Cases/RunTransactionAdaptorJob

2018-02-14 18:00:58 - [TEST_STEP][PASSED] - Statement - extent1 = extent: null

2018-02-14 18:00:58 - [TEST_STEP][PASSED] - Statement - extentTest1 = test: null

2018-02-14 18:00:58 - [TEST_STEP][PASSED] - Statement - extentTest1 = extent1.startTest("RunTransactionAdaptor Job TestCase"): null

2018-02-14 18:00:58 - [TEST_STEP][PASSED] - Statement - Try: Finding web element with id: 'Object Repository/CAPPM/Page_CA PPM  Job Type CA PPM Adapte/span_Home' located by 'By.xpath: //span[count(. | //*[@id = 'ppm_nav_app']) = count(//*[@id = 'ppm_nav_app'])][count(. | //*[@alt = 'Home']) = count(//*[@alt = 'Home'])][count(. | //*[text() = 'Home']) = count(//*[text() = 'Home'])]' in '3' second(s)

2018-02-14 18:00:58 - [TEST_STEP][PASSED] - Statement - click_path = click_path: null

2018-02-14 18:00:58 - [TEST_STEP][PASSED] - Statement - Job_name = Job_name: null

2018-02-14 18:00:58 - [TEST_STEP][PASSED] - Statement - screenshot_path = screenshot_path: null

2018-02-14 18:00:58 - [TEST_STEP][PASSED] - Statement - home_page = com.kms.katalon.core.webui.common.WebUiCommonHelper.findWebElement(com.kms.katalon.core.testobject.ObjectRepository.findTestObject(CAPPM/Page_CA PPM  Job Type CA PPM Adapte/span_Home), 3): Finding web element with id: 'Object Repository/CAPPM/Page_CA PPM  Job Type CA PPM Adapte/span_Home' located by 'By.xpath: //span[count(. | //*[@id = 'ppm_nav_app']) = count(//*[@id = 'ppm_nav_app'])][count(. | //*[@alt = 'Home']) = count(//*[@alt = 'Home'])][count(. | //*[text() = 'Home']) = count(//*[text() = 'Home'])]' in '3' second(s)

2018-02-14 18:00:58 - [TEST_STEP][PASSED] - Statement - Catch (Exception e): Browser is closed

2018-02-14 18:00:58 - [TEST_STEP][PASSED] - closeBrowser: Browser is closed

2018-02-14 18:00:58 - [MESSAGE][PASSED] - Browser is closed

2018-02-14 18:00:58 - [TEST_STEP][PASSED] - Statement - Finally: null

2018-02-14 18:00:58 - [TEST_STEP][PASSED] - Statement - extent1.endTest(extentTest1): null

2018-02-14 18:00:58 - [TEST_STEP][PASSED] - Statement - extent1.flush(): null]]></system-out>
         <system-err><![CDATA[]]></system-err>
      </testcase>
      <testcase name="Test Cases/Main Test Cases/ValidationTestCases" classname="Test Cases/Main Test Cases/ValidationTestCases" status="ERROR">
         <error type="ERROR" message="Test Cases/Main Test Cases/ValidationTestCases FAILED because (of) com.kms.katalon.core.webui.exception.BrowserNotOpenedException: Browser is not opened
Build info: version: '3.7.1', revision: '8a0099a', time: '2017-11-06T21:07:36.161Z'
System info: host: 'ETHYDLP082', ip: '192.168.14.76', os.name: 'Windows 10', os.arch: 'amd64', os.version: '10.0', java.version: '1.8.0_102'
Driver info: driver.version: unknown"/>
         <system-out><![CDATA[2018-02-14 18:00:58 - [TEST_CASE][ERROR] - Test Cases/Main Test Cases/ValidationTestCases: Test Cases/Main Test Cases/ValidationTestCases FAILED because (of) com.kms.katalon.core.webui.exception.BrowserNotOpenedException: Browser is not opened
Build info: version: '3.7.1', revision: '8a0099a', time: '2017-11-06T21:07:36.161Z'
System info: host: 'ETHYDLP082', ip: '192.168.14.76', os.name: 'Windows 10', os.arch: 'amd64', os.version: '10.0', java.version: '1.8.0_102'
Driver info: driver.version: unknown

2018-02-14 18:00:59 - [TEST_STEP][PASSED] - Statement - extent1 = extent: null

2018-02-14 18:00:59 - [TEST_STEP][PASSED] - Statement - extentTest1 = test: null

2018-02-14 18:00:59 - [TEST_STEP][PASSED] - Statement - extentTest1 = extent1.startTest("Validation ErrorMessages TestCase"): null

2018-02-14 18:00:59 - [TEST_STEP][PASSED] - Statement - log = new com.kms.katalon.core.logging.KeywordLogger(): null

2018-02-14 18:00:59 - [TEST_STEP][PASSED] - Statement - myData = com.kms.katalon.core.testdata.TestDataFactory.findTestData(Test_Case_Validation): Reading excel file with source file 'D:\Katalon_CAPPM\Test_Case_validation.xlsx' and sheet name 'Clarity_Test_Data_Setup'

2018-02-14 18:00:59 - [TEST_STEP][PASSED] - Statement - myData.changeSheet("Error_Messages"): null

2018-02-14 18:00:59 - [TEST_STEP][PASSED] - Statement - println(myData.getAllData()): null

2018-02-14 18:00:59 - [TEST_STEP][PASSED] - Statement - row = myData.getRowNumbers(): null

2018-02-14 18:00:59 - [TEST_STEP][PASSED] - Statement - list = new java.util.ArrayList(): null

2018-02-14 18:00:59 - [TEST_STEP][PASSED] - Statement - For ([i = 1, i <= row, (i++)]): null

2018-02-14 18:00:59 - [TEST_STEP][PASSED] - Statement - list.add(myData.getValue(1, i)): null

2018-02-14 18:00:59 - [TEST_STEP][PASSED] - Statement - list.add(myData.getValue(1, i)): null

2018-02-14 18:00:59 - [TEST_STEP][PASSED] - Statement - list.add(myData.getValue(1, i)): null

2018-02-14 18:00:59 - [TEST_STEP][PASSED] - Statement - list.add(myData.getValue(1, i)): null

2018-02-14 18:00:59 - [TEST_STEP][PASSED] - Statement - list.add(myData.getValue(1, i)): null

2018-02-14 18:00:59 - [TEST_STEP][PASSED] - Statement - list.add(myData.getValue(1, i)): null

2018-02-14 18:00:59 - [TEST_STEP][PASSED] - Statement - list.add(myData.getValue(1, i)): null

2018-02-14 18:00:59 - [TEST_STEP][PASSED] - Statement - list.add(myData.getValue(1, i)): null

2018-02-14 18:00:59 - [TEST_STEP][PASSED] - Statement - list.add(myData.getValue(1, i)): null

2018-02-14 18:00:59 - [TEST_STEP][PASSED] - Statement - list.add(myData.getValue(1, i)): null

2018-02-14 18:00:59 - [TEST_STEP][PASSED] - Statement - list.add(myData.getValue(1, i)): null

2018-02-14 18:00:59 - [TEST_STEP][PASSED] - Statement - list.add(myData.getValue(1, i)): null

2018-02-14 18:00:59 - [TEST_STEP][PASSED] - Statement - list.add(myData.getValue(1, i)): null

2018-02-14 18:00:59 - [TEST_STEP][PASSED] - Statement - list.add(myData.getValue(1, i)): null

2018-02-14 18:00:59 - [TEST_STEP][PASSED] - Statement - println(list): null

2018-02-14 18:00:59 - [TEST_STEP][PASSED] - Statement - myData.changeSheet("Error_Message_Validation"): null

2018-02-14 18:00:59 - [TEST_STEP][PASSED] - Statement - println(myData.getAllData()): null

2018-02-14 18:00:59 - [TEST_STEP][PASSED] - Statement - row1 = myData.getRowNumbers(): null

2018-02-14 18:00:59 - [TEST_STEP][PASSED] - Statement - list1 = new java.util.ArrayList(): null

2018-02-14 18:00:59 - [TEST_STEP][PASSED] - Statement - list2 = new java.util.ArrayList(): null

2018-02-14 18:00:59 - [TEST_STEP][PASSED] - Statement - For ([i = 1, i <= row1, (i++)]): null

2018-02-14 18:00:59 - [TEST_STEP][PASSED] - Statement - list1.add(myData.getValue(1, i)): null

2018-02-14 18:00:59 - [TEST_STEP][PASSED] - Statement - list2.add(myData.getValue(2, i)): null

2018-02-14 18:00:59 - [TEST_STEP][PASSED] - Statement - list1.add(myData.getValue(1, i)): null

2018-02-14 18:00:59 - [TEST_STEP][PASSED] - Statement - list2.add(myData.getValue(2, i)): null

2018-02-14 18:00:59 - [TEST_STEP][PASSED] - Statement - list1.add(myData.getValue(1, i)): null

2018-02-14 18:00:59 - [TEST_STEP][PASSED] - Statement - list2.add(myData.getValue(2, i)): null

2018-02-14 18:00:59 - [TEST_STEP][PASSED] - Statement - list1.add(myData.getValue(1, i)): null

2018-02-14 18:00:59 - [TEST_STEP][PASSED] - Statement - list2.add(myData.getValue(2, i)): null

2018-02-14 18:00:59 - [TEST_STEP][PASSED] - Statement - list1.add(myData.getValue(1, i)): null

2018-02-14 18:00:59 - [TEST_STEP][PASSED] - Statement - list2.add(myData.getValue(2, i)): null

2018-02-14 18:00:59 - [TEST_STEP][PASSED] - Statement - list1.add(myData.getValue(1, i)): null

2018-02-14 18:00:59 - [TEST_STEP][PASSED] - Statement - list2.add(myData.getValue(2, i)): null

2018-02-14 18:00:59 - [TEST_STEP][PASSED] - Statement - list1.add(myData.getValue(1, i)): null

2018-02-14 18:00:59 - [TEST_STEP][PASSED] - Statement - list2.add(myData.getValue(2, i)): null

2018-02-14 18:00:59 - [TEST_STEP][PASSED] - Statement - list1.add(myData.getValue(1, i)): null

2018-02-14 18:00:59 - [TEST_STEP][PASSED] - Statement - list2.add(myData.getValue(2, i)): null

2018-02-14 18:00:59 - [TEST_STEP][PASSED] - Statement - println(list1): null

2018-02-14 18:00:59 - [TEST_STEP][PASSED] - Statement - println(list2): null

2018-02-14 18:00:59 - [TEST_STEP][PASSED] - Statement - myData1 = com.kms.katalon.core.testdata.TestDataFactory.findTestData(Input_File): Reading excel file with source file 'D:\Katalon_CAPPM\Input_file.xls' and sheet name 'Input_file_data'

2018-02-14 18:00:59 - [TEST_STEP][PASSED] - Statement - input_rows = myData1.getRowNumbers(): null

2018-02-14 18:00:59 - [TEST_STEP][PASSED] - Statement - input_coloumns = myData1.getColumnNumbers(): null

2018-02-14 18:00:59 - [TEST_STEP][PASSED] - Statement - home_page = com.kms.katalon.core.webui.common.WebUiCommonHelper.findWebElement(com.kms.katalon.core.testobject.ObjectRepository.findTestObject(CAPPM/Page_CA PPM  Job Type CA PPM Adapte/span_Home), 3): Checking timeout]]></system-out>
         <system-err><![CDATA[2018-02-14 18:00:58 - [TEST_CASE][ERROR] - Test Cases/Main Test Cases/ValidationTestCases: Test Cases/Main Test Cases/ValidationTestCases FAILED because (of) com.kms.katalon.core.webui.exception.BrowserNotOpenedException: Browser is not opened
Build info: version: '3.7.1', revision: '8a0099a', time: '2017-11-06T21:07:36.161Z'
System info: host: 'ETHYDLP082', ip: '192.168.14.76', os.name: 'Windows 10', os.arch: 'amd64', os.version: '10.0', java.version: '1.8.0_102'
Driver info: driver.version: unknown]]></system-err>
      </testcase>
      <testcase name="Test Cases/Main Test Cases/RunningJobs" classname="Test Cases/Main Test Cases/RunningJobs" status="ERROR">
         <error type="ERROR" message="Test Cases/Main Test Cases/RunningJobs FAILED because (of) com.kms.katalon.core.webui.exception.BrowserNotOpenedException: Browser is not opened
Build info: version: '3.7.1', revision: '8a0099a', time: '2017-11-06T21:07:36.161Z'
System info: host: 'ETHYDLP082', ip: '192.168.14.76', os.name: 'Windows 10', os.arch: 'amd64', os.version: '10.0', java.version: '1.8.0_102'
Driver info: driver.version: unknown"/>
         <system-out><![CDATA[2018-02-14 18:00:59 - [TEST_CASE][ERROR] - Test Cases/Main Test Cases/RunningJobs: Test Cases/Main Test Cases/RunningJobs FAILED because (of) com.kms.katalon.core.webui.exception.BrowserNotOpenedException: Browser is not opened
Build info: version: '3.7.1', revision: '8a0099a', time: '2017-11-06T21:07:36.161Z'
System info: host: 'ETHYDLP082', ip: '192.168.14.76', os.name: 'Windows 10', os.arch: 'amd64', os.version: '10.0', java.version: '1.8.0_102'
Driver info: driver.version: unknown

2018-02-14 18:01:00 - [TEST_STEP][PASSED] - Statement - extent1 = extent: null

2018-02-14 18:01:00 - [TEST_STEP][PASSED] - Statement - extentTest1 = test: null

2018-02-14 18:01:00 - [TEST_STEP][PASSED] - Statement - If (RunJob): Checking timeout

2018-02-14 18:01:00 - [TEST_STEP][PASSED] - Statement - extentTest1 = extent1.startTest("Running Jobs TestCase"): null

2018-02-14 18:01:00 - [TEST_STEP][PASSED] - Statement - screenshot_path = screenshot_path: null

2018-02-14 18:01:00 - [TEST_STEP][PASSED] - Statement - home_page_1 = com.kms.katalon.core.webui.common.WebUiCommonHelper.findWebElement(com.kms.katalon.core.testobject.ObjectRepository.findTestObject(CAPPM/Page_CA PPM  Job Type CA PPM Adapte/span_Home), 3): Checking timeout]]></system-out>
         <system-err><![CDATA[2018-02-14 18:00:59 - [TEST_CASE][ERROR] - Test Cases/Main Test Cases/RunningJobs: Test Cases/Main Test Cases/RunningJobs FAILED because (of) com.kms.katalon.core.webui.exception.BrowserNotOpenedException: Browser is not opened
Build info: version: '3.7.1', revision: '8a0099a', time: '2017-11-06T21:07:36.161Z'
System info: host: 'ETHYDLP082', ip: '192.168.14.76', os.name: 'Windows 10', os.arch: 'amd64', os.version: '10.0', java.version: '1.8.0_102'
Driver info: driver.version: unknown]]></system-err>
      </testcase>
      <testcase name="Test Cases/Main Test Cases/RunProjectsValidation" classname="Test Cases/Main Test Cases/RunProjectsValidation" status="ERROR">
         <error type="ERROR" message="Test Cases/Main Test Cases/RunProjectsValidation FAILED because (of) com.kms.katalon.core.webui.exception.BrowserNotOpenedException: Browser is not opened
Build info: version: '3.7.1', revision: '8a0099a', time: '2017-11-06T21:07:36.161Z'
System info: host: 'ETHYDLP082', ip: '192.168.14.76', os.name: 'Windows 10', os.arch: 'amd64', os.version: '10.0', java.version: '1.8.0_102'
Driver info: driver.version: unknown"/>
         <system-out><![CDATA[2018-02-14 18:01:00 - [TEST_CASE][ERROR] - Test Cases/Main Test Cases/RunProjectsValidation: Test Cases/Main Test Cases/RunProjectsValidation FAILED because (of) com.kms.katalon.core.webui.exception.BrowserNotOpenedException: Browser is not opened
Build info: version: '3.7.1', revision: '8a0099a', time: '2017-11-06T21:07:36.161Z'
System info: host: 'ETHYDLP082', ip: '192.168.14.76', os.name: 'Windows 10', os.arch: 'amd64', os.version: '10.0', java.version: '1.8.0_102'
Driver info: driver.version: unknown

2018-02-14 18:01:01 - [TEST_STEP][PASSED] - Statement - extent1 = extent: null

2018-02-14 18:01:01 - [TEST_STEP][PASSED] - Statement - extentTest1 = test: null

2018-02-14 18:01:01 - [TEST_STEP][PASSED] - Statement - If (RunJob): Checking timeout

2018-02-14 18:01:01 - [TEST_STEP][PASSED] - Statement - extentTest1 = extent1.startTest("Run ProjectsValidation TestCase"): null

2018-02-14 18:01:01 - [TEST_STEP][PASSED] - Statement - excelFilePath = output_file_path: null

2018-02-14 18:01:01 - [TEST_STEP][PASSED] - Statement - home_page_2 = com.kms.katalon.core.webui.common.WebUiCommonHelper.findWebElement(com.kms.katalon.core.testobject.ObjectRepository.findTestObject(CAPPM/Page_CA PPM  Job Type CA PPM Adapte/span_Home), 3): Checking timeout]]></system-out>
         <system-err><![CDATA[2018-02-14 18:01:00 - [TEST_CASE][ERROR] - Test Cases/Main Test Cases/RunProjectsValidation: Test Cases/Main Test Cases/RunProjectsValidation FAILED because (of) com.kms.katalon.core.webui.exception.BrowserNotOpenedException: Browser is not opened
Build info: version: '3.7.1', revision: '8a0099a', time: '2017-11-06T21:07:36.161Z'
System info: host: 'ETHYDLP082', ip: '192.168.14.76', os.name: 'Windows 10', os.arch: 'amd64', os.version: '10.0', java.version: '1.8.0_102'
Driver info: driver.version: unknown]]></system-err>
      </testcase>
      <testcase name="Test Cases/Main Test Cases/ValidatingTransactions" classname="Test Cases/Main Test Cases/ValidatingTransactions" status="ERROR">
         <error type="ERROR" message="Test Cases/Main Test Cases/ValidatingTransactions FAILED because (of) com.kms.katalon.core.webui.exception.BrowserNotOpenedException: Browser is not opened
Build info: version: '3.7.1', revision: '8a0099a', time: '2017-11-06T21:07:36.161Z'
System info: host: 'ETHYDLP082', ip: '192.168.14.76', os.name: 'Windows 10', os.arch: 'amd64', os.version: '10.0', java.version: '1.8.0_102'
Driver info: driver.version: unknown"/>
         <system-out><![CDATA[2018-02-14 18:01:01 - [TEST_CASE][ERROR] - Test Cases/Main Test Cases/ValidatingTransactions: Test Cases/Main Test Cases/ValidatingTransactions FAILED because (of) com.kms.katalon.core.webui.exception.BrowserNotOpenedException: Browser is not opened
Build info: version: '3.7.1', revision: '8a0099a', time: '2017-11-06T21:07:36.161Z'
System info: host: 'ETHYDLP082', ip: '192.168.14.76', os.name: 'Windows 10', os.arch: 'amd64', os.version: '10.0', java.version: '1.8.0_102'
Driver info: driver.version: unknown

2018-02-14 18:01:01 - [TEST_STEP][PASSED] - Statement - extent1 = extent: null

2018-02-14 18:01:01 - [TEST_STEP][PASSED] - Statement - extentTest1 = test: null

2018-02-14 18:01:01 - [TEST_STEP][PASSED] - Statement - If (RunJob): Checking timeout

2018-02-14 18:01:01 - [TEST_STEP][PASSED] - Statement - extentTest1 = extent1.startTest("Validating Transactions TestCase"): null

2018-02-14 18:01:01 - [TEST_STEP][PASSED] - Statement - log = new com.kms.katalon.core.logging.KeywordLogger(): null

2018-02-14 18:01:01 - [TEST_STEP][PASSED] - Statement - screenshot_path = screenshot_path + "ValidationTransactions\": null

2018-02-14 18:01:01 - [TEST_STEP][PASSED] - Statement - start_date_ui = start_date: null

2018-02-14 18:01:01 - [TEST_STEP][PASSED] - Statement - end_date_ui = end_date: null

2018-02-14 18:01:01 - [TEST_STEP][PASSED] - Statement - home_page = com.kms.katalon.core.webui.common.WebUiCommonHelper.findWebElement(com.kms.katalon.core.testobject.ObjectRepository.findTestObject(CAPPM/Page_CA PPM  Job Type CA PPM Adapte/span_Home), 3): Checking timeout]]></system-out>
         <system-err><![CDATA[2018-02-14 18:01:01 - [TEST_CASE][ERROR] - Test Cases/Main Test Cases/ValidatingTransactions: Test Cases/Main Test Cases/ValidatingTransactions FAILED because (of) com.kms.katalon.core.webui.exception.BrowserNotOpenedException: Browser is not opened
Build info: version: '3.7.1', revision: '8a0099a', time: '2017-11-06T21:07:36.161Z'
System info: host: 'ETHYDLP082', ip: '192.168.14.76', os.name: 'Windows 10', os.arch: 'amd64', os.version: '10.0', java.version: '1.8.0_102'
Driver info: driver.version: unknown]]></system-err>
      </testcase>
      <system-out><![CDATA[2018-02-14 18:00:14 - [TEST_SUITE][ERROR] - CAPPM_Adapter_Regression_POC: Test Cases/Main Test Cases/ValidationFields FAILED because (of) java.lang.NullPointerException]]></system-out>
      <system-err><![CDATA[2018-02-14 18:00:14 - [TEST_SUITE][ERROR] - CAPPM_Adapter_Regression_POC: Test Cases/Main Test Cases/ValidationFields FAILED because (of) java.lang.NullPointerException]]></system-err>
   </testsuite>
</testsuites>
