<?xml version="1.0" encoding="UTF-8"?>
<testsuites name="CAPPM_Adapter_Regression_POC" time="122" tests="1" failures="0" errors="7">
   <testsuite name="CAPPM_Adapter_Regression_POC" tests="1" failures="0" errors="7" time="122" timestamp="2018-02-14 12:22:39" hostname="Abhishek.B - ETHYDLP082.excershyd.com" id="Test Suites/CAPPM_Adapter_Regression_POC">
      <properties>
         <property name="deviceName" value=""/>
         <property name="devicePlatform" value=""/>
         <property name="logFolder" value="C:\\Users\\Abhishek.B\\Katalon Studio\\sample\\Reports\\CAPPM_Adapter_Regression_POC\\20180214_122237"/>
         <property name="logFiles" value="C:\\Users\\Abhishek.B\\Katalon Studio\\sample\\Reports\\CAPPM_Adapter_Regression_POC\\20180214_122237\\execution0.log"/>
         <property name="attachments" value=""/>
         <property name="hostName" value="Abhishek.B - ETHYDLP082.excershyd.com"/>
         <property name="os" value="Windows 10 64bit"/>
         <property name="katalonVersion" value="5.2.0.1"/>
         <property name="browser" value="Chrome 64.0.3282.167"/>
         <property name="hostAddress" value="192.168.1.102"/>
         <property name="sessionId" value="488e2371360dd4a0da5f9d3893b70131"/>
         <property name="seleniumVersion" value="3.7.1"/>
         <property name="proxyInformation" value="ProxyInformation{proxyOption=NO_PROXY, proxyServerType=HTTP, password=, proxyServerAddress=, proxyServerPort=0}"/>
         <property name="platform" value="Windows 10"/>
      </properties>
      <testcase name="Test Cases/Main Test Cases/LoginCAPPM" classname="Test Cases/Main Test Cases/LoginCAPPM" status="ERROR">
         <error type="ERROR" message="Test Cases/Main Test Cases/LoginCAPPM FAILED because (of) com.kms.katalon.core.webui.exception.WebElementNotFoundException: Web element with id: 'Object Repository/CAPPM/Page_CA PPM  Login/input_userName' located by 'By.xpath: //input[count(. | //*[@type = 'text']) = count(//*[@type = 'text'])][count(. | //*[@id = 'ppm_login_username']) = count(//*[@id = 'ppm_login_username'])][count(. | //*[@name = 'userName']) = count(//*[@name = 'userName'])]' not found"/>
         <system-out><![CDATA[2018-02-14 12:22:40 - [TEST_CASE][ERROR] - Test Cases/Main Test Cases/LoginCAPPM: Test Cases/Main Test Cases/LoginCAPPM FAILED because (of) com.kms.katalon.core.webui.exception.WebElementNotFoundException: Web element with id: 'Object Repository/CAPPM/Page_CA PPM  Login/input_userName' located by 'By.xpath: //input[count(. | //*[@type = 'text']) = count(//*[@type = 'text'])][count(. | //*[@id = 'ppm_login_username']) = count(//*[@id = 'ppm_login_username'])][count(. | //*[@name = 'userName']) = count(//*[@name = 'userName'])]' not found

2018-02-14 12:22:41 - [TEST_STEP][PASSED] - callTestCase: Call Test Case 'Test Cases/Main Test Cases/ConvertCSVtoXls' successfully

2018-02-14 12:22:42 - [TEST_CASE][PASSED] - Test Cases/Main Test Cases/ConvertCSVtoXls: Test Cases/Main Test Cases/ConvertCSVtoXls

2018-02-14 12:22:42 - [TEST_STEP][PASSED] - Statement - Try: null

2018-02-14 12:22:42 - [TEST_STEP][PASSED] - Statement - csvFileAddress = "D:\Katalon_CAPPM\Transactions_03072017.csv": null

2018-02-14 12:22:42 - [TEST_STEP][PASSED] - Statement - xlsxFileAddress = "D:\Katalon_CAPPM\Input_file.xls": null

2018-02-14 12:22:42 - [TEST_STEP][PASSED] - Statement - workBook = new org.apache.poi.hssf.usermodel.HSSFWorkbook(): null

2018-02-14 12:22:42 - [TEST_STEP][PASSED] - Statement - sheet = workBook.createSheet("Input_file_data"): null

2018-02-14 12:22:42 - [TEST_STEP][PASSED] - Statement - currentLine = null: null

2018-02-14 12:22:42 - [TEST_STEP][PASSED] - Statement - RowNum = 0: null

2018-02-14 12:22:43 - [TEST_STEP][PASSED] - Statement - br = new java.io.BufferedReader(new java.io.FileReader(csvFileAddress)): null

2018-02-14 12:22:43 - [TEST_STEP][PASSED] - Statement - While (currentLine = br.readLine() != null): null

2018-02-14 12:22:43 - [TEST_STEP][PASSED] - Statement - str = currentLine.split(","): null

2018-02-14 12:22:43 - [TEST_STEP][PASSED] - Statement - currentRow = sheet.createRow(RowNum): null

2018-02-14 12:22:43 - [TEST_STEP][PASSED] - Statement - For ([i = 0, i < length, (i++)]): null

2018-02-14 12:22:43 - [TEST_STEP][PASSED] - Statement - currentRow.createCell(i).setCellValue(str[i]): null

2018-02-14 12:22:43 - [TEST_STEP][PASSED] - Statement - currentRow.createCell(i).setCellValue(str[i]): null

2018-02-14 12:22:43 - [TEST_STEP][PASSED] - Statement - currentRow.createCell(i).setCellValue(str[i]): null

2018-02-14 12:22:43 - [TEST_STEP][PASSED] - Statement - currentRow.createCell(i).setCellValue(str[i]): null

2018-02-14 12:22:43 - [TEST_STEP][PASSED] - Statement - currentRow.createCell(i).setCellValue(str[i]): null

2018-02-14 12:22:43 - [TEST_STEP][PASSED] - Statement - currentRow.createCell(i).setCellValue(str[i]): null

2018-02-14 12:22:43 - [TEST_STEP][PASSED] - Statement - currentRow.createCell(i).setCellValue(str[i]): null

2018-02-14 12:22:43 - [TEST_STEP][PASSED] - Statement - currentRow.createCell(i).setCellValue(str[i]): null

2018-02-14 12:22:43 - [TEST_STEP][PASSED] - Statement - currentRow.createCell(i).setCellValue(str[i]): null

2018-02-14 12:22:43 - [TEST_STEP][PASSED] - Statement - (++RowNum): null

2018-02-14 12:22:43 - [TEST_STEP][PASSED] - Statement - str = currentLine.split(","): null

2018-02-14 12:22:43 - [TEST_STEP][PASSED] - Statement - currentRow = sheet.createRow(RowNum): null

2018-02-14 12:22:43 - [TEST_STEP][PASSED] - Statement - For ([i = 0, i < length, (i++)]): null

2018-02-14 12:22:43 - [TEST_STEP][PASSED] - Statement - currentRow.createCell(i).setCellValue(str[i]): null

2018-02-14 12:22:43 - [TEST_STEP][PASSED] - Statement - currentRow.createCell(i).setCellValue(str[i]): null

2018-02-14 12:22:43 - [TEST_STEP][PASSED] - Statement - currentRow.createCell(i).setCellValue(str[i]): null

2018-02-14 12:22:43 - [TEST_STEP][PASSED] - Statement - currentRow.createCell(i).setCellValue(str[i]): null

2018-02-14 12:22:43 - [TEST_STEP][PASSED] - Statement - currentRow.createCell(i).setCellValue(str[i]): null

2018-02-14 12:22:43 - [TEST_STEP][PASSED] - Statement - currentRow.createCell(i).setCellValue(str[i]): null

2018-02-14 12:22:43 - [TEST_STEP][PASSED] - Statement - currentRow.createCell(i).setCellValue(str[i]): null

2018-02-14 12:22:43 - [TEST_STEP][PASSED] - Statement - currentRow.createCell(i).setCellValue(str[i]): null

2018-02-14 12:22:43 - [TEST_STEP][PASSED] - Statement - currentRow.createCell(i).setCellValue(str[i]): null

2018-02-14 12:22:43 - [TEST_STEP][PASSED] - Statement - (++RowNum): null

2018-02-14 12:22:43 - [TEST_STEP][PASSED] - Statement - str = currentLine.split(","): null

2018-02-14 12:22:43 - [TEST_STEP][PASSED] - Statement - currentRow = sheet.createRow(RowNum): null

2018-02-14 12:22:43 - [TEST_STEP][PASSED] - Statement - For ([i = 0, i < length, (i++)]): null

2018-02-14 12:22:43 - [TEST_STEP][PASSED] - Statement - currentRow.createCell(i).setCellValue(str[i]): null

2018-02-14 12:22:43 - [TEST_STEP][PASSED] - Statement - currentRow.createCell(i).setCellValue(str[i]): null

2018-02-14 12:22:43 - [TEST_STEP][PASSED] - Statement - currentRow.createCell(i).setCellValue(str[i]): null

2018-02-14 12:22:43 - [TEST_STEP][PASSED] - Statement - currentRow.createCell(i).setCellValue(str[i]): null

2018-02-14 12:22:43 - [TEST_STEP][PASSED] - Statement - currentRow.createCell(i).setCellValue(str[i]): null

2018-02-14 12:22:43 - [TEST_STEP][PASSED] - Statement - currentRow.createCell(i).setCellValue(str[i]): null

2018-02-14 12:22:43 - [TEST_STEP][PASSED] - Statement - currentRow.createCell(i).setCellValue(str[i]): null

2018-02-14 12:22:43 - [TEST_STEP][PASSED] - Statement - currentRow.createCell(i).setCellValue(str[i]): null

2018-02-14 12:22:43 - [TEST_STEP][PASSED] - Statement - currentRow.createCell(i).setCellValue(str[i]): null

2018-02-14 12:22:43 - [TEST_STEP][PASSED] - Statement - (++RowNum): null

2018-02-14 12:22:43 - [TEST_STEP][PASSED] - Statement - str = currentLine.split(","): null

2018-02-14 12:22:43 - [TEST_STEP][PASSED] - Statement - currentRow = sheet.createRow(RowNum): null

2018-02-14 12:22:43 - [TEST_STEP][PASSED] - Statement - For ([i = 0, i < length, (i++)]): null

2018-02-14 12:22:43 - [TEST_STEP][PASSED] - Statement - currentRow.createCell(i).setCellValue(str[i]): null

2018-02-14 12:22:43 - [TEST_STEP][PASSED] - Statement - currentRow.createCell(i).setCellValue(str[i]): null

2018-02-14 12:22:43 - [TEST_STEP][PASSED] - Statement - currentRow.createCell(i).setCellValue(str[i]): null

2018-02-14 12:22:43 - [TEST_STEP][PASSED] - Statement - currentRow.createCell(i).setCellValue(str[i]): null

2018-02-14 12:22:43 - [TEST_STEP][PASSED] - Statement - currentRow.createCell(i).setCellValue(str[i]): null

2018-02-14 12:22:43 - [TEST_STEP][PASSED] - Statement - currentRow.createCell(i).setCellValue(str[i]): null

2018-02-14 12:22:43 - [TEST_STEP][PASSED] - Statement - currentRow.createCell(i).setCellValue(str[i]): null

2018-02-14 12:22:43 - [TEST_STEP][PASSED] - Statement - currentRow.createCell(i).setCellValue(str[i]): null

2018-02-14 12:22:43 - [TEST_STEP][PASSED] - Statement - currentRow.createCell(i).setCellValue(str[i]): null

2018-02-14 12:22:43 - [TEST_STEP][PASSED] - Statement - (++RowNum): null

2018-02-14 12:22:43 - [TEST_STEP][PASSED] - Statement - str = currentLine.split(","): null

2018-02-14 12:22:43 - [TEST_STEP][PASSED] - Statement - currentRow = sheet.createRow(RowNum): null

2018-02-14 12:22:43 - [TEST_STEP][PASSED] - Statement - For ([i = 0, i < length, (i++)]): null

2018-02-14 12:22:43 - [TEST_STEP][PASSED] - Statement - currentRow.createCell(i).setCellValue(str[i]): null

2018-02-14 12:22:43 - [TEST_STEP][PASSED] - Statement - currentRow.createCell(i).setCellValue(str[i]): null

2018-02-14 12:22:43 - [TEST_STEP][PASSED] - Statement - currentRow.createCell(i).setCellValue(str[i]): null

2018-02-14 12:22:43 - [TEST_STEP][PASSED] - Statement - currentRow.createCell(i).setCellValue(str[i]): null

2018-02-14 12:22:43 - [TEST_STEP][PASSED] - Statement - currentRow.createCell(i).setCellValue(str[i]): null

2018-02-14 12:22:43 - [TEST_STEP][PASSED] - Statement - currentRow.createCell(i).setCellValue(str[i]): null

2018-02-14 12:22:43 - [TEST_STEP][PASSED] - Statement - currentRow.createCell(i).setCellValue(str[i]): null

2018-02-14 12:22:43 - [TEST_STEP][PASSED] - Statement - currentRow.createCell(i).setCellValue(str[i]): null

2018-02-14 12:22:43 - [TEST_STEP][PASSED] - Statement - currentRow.createCell(i).setCellValue(str[i]): null

2018-02-14 12:22:43 - [TEST_STEP][PASSED] - Statement - (++RowNum): null

2018-02-14 12:22:43 - [TEST_STEP][PASSED] - Statement - str = currentLine.split(","): null

2018-02-14 12:22:43 - [TEST_STEP][PASSED] - Statement - currentRow = sheet.createRow(RowNum): null

2018-02-14 12:22:43 - [TEST_STEP][PASSED] - Statement - For ([i = 0, i < length, (i++)]): null

2018-02-14 12:22:43 - [TEST_STEP][PASSED] - Statement - currentRow.createCell(i).setCellValue(str[i]): null

2018-02-14 12:22:43 - [TEST_STEP][PASSED] - Statement - currentRow.createCell(i).setCellValue(str[i]): null

2018-02-14 12:22:43 - [TEST_STEP][PASSED] - Statement - currentRow.createCell(i).setCellValue(str[i]): null

2018-02-14 12:22:43 - [TEST_STEP][PASSED] - Statement - currentRow.createCell(i).setCellValue(str[i]): null

2018-02-14 12:22:43 - [TEST_STEP][PASSED] - Statement - currentRow.createCell(i).setCellValue(str[i]): null

2018-02-14 12:22:43 - [TEST_STEP][PASSED] - Statement - currentRow.createCell(i).setCellValue(str[i]): null

2018-02-14 12:22:43 - [TEST_STEP][PASSED] - Statement - currentRow.createCell(i).setCellValue(str[i]): null

2018-02-14 12:22:43 - [TEST_STEP][PASSED] - Statement - currentRow.createCell(i).setCellValue(str[i]): null

2018-02-14 12:22:43 - [TEST_STEP][PASSED] - Statement - currentRow.createCell(i).setCellValue(str[i]): null

2018-02-14 12:22:43 - [TEST_STEP][PASSED] - Statement - (++RowNum): null

2018-02-14 12:22:43 - [TEST_STEP][PASSED] - Statement - str = currentLine.split(","): null

2018-02-14 12:22:43 - [TEST_STEP][PASSED] - Statement - currentRow = sheet.createRow(RowNum): null

2018-02-14 12:22:43 - [TEST_STEP][PASSED] - Statement - For ([i = 0, i < length, (i++)]): null

2018-02-14 12:22:43 - [TEST_STEP][PASSED] - Statement - currentRow.createCell(i).setCellValue(str[i]): null

2018-02-14 12:22:43 - [TEST_STEP][PASSED] - Statement - currentRow.createCell(i).setCellValue(str[i]): null

2018-02-14 12:22:43 - [TEST_STEP][PASSED] - Statement - currentRow.createCell(i).setCellValue(str[i]): null

2018-02-14 12:22:43 - [TEST_STEP][PASSED] - Statement - currentRow.createCell(i).setCellValue(str[i]): null

2018-02-14 12:22:43 - [TEST_STEP][PASSED] - Statement - currentRow.createCell(i).setCellValue(str[i]): null

2018-02-14 12:22:43 - [TEST_STEP][PASSED] - Statement - currentRow.createCell(i).setCellValue(str[i]): null

2018-02-14 12:22:43 - [TEST_STEP][PASSED] - Statement - currentRow.createCell(i).setCellValue(str[i]): null

2018-02-14 12:22:43 - [TEST_STEP][PASSED] - Statement - currentRow.createCell(i).setCellValue(str[i]): null

2018-02-14 12:22:43 - [TEST_STEP][PASSED] - Statement - currentRow.createCell(i).setCellValue(str[i]): null

2018-02-14 12:22:43 - [TEST_STEP][PASSED] - Statement - (++RowNum): null

2018-02-14 12:22:43 - [TEST_STEP][PASSED] - Statement - str = currentLine.split(","): null

2018-02-14 12:22:43 - [TEST_STEP][PASSED] - Statement - currentRow = sheet.createRow(RowNum): null

2018-02-14 12:22:43 - [TEST_STEP][PASSED] - Statement - For ([i = 0, i < length, (i++)]): null

2018-02-14 12:22:43 - [TEST_STEP][PASSED] - Statement - currentRow.createCell(i).setCellValue(str[i]): null

2018-02-14 12:22:43 - [TEST_STEP][PASSED] - Statement - currentRow.createCell(i).setCellValue(str[i]): null

2018-02-14 12:22:43 - [TEST_STEP][PASSED] - Statement - currentRow.createCell(i).setCellValue(str[i]): null

2018-02-14 12:22:43 - [TEST_STEP][PASSED] - Statement - currentRow.createCell(i).setCellValue(str[i]): null

2018-02-14 12:22:43 - [TEST_STEP][PASSED] - Statement - currentRow.createCell(i).setCellValue(str[i]): null

2018-02-14 12:22:43 - [TEST_STEP][PASSED] - Statement - currentRow.createCell(i).setCellValue(str[i]): null

2018-02-14 12:22:43 - [TEST_STEP][PASSED] - Statement - currentRow.createCell(i).setCellValue(str[i]): null

2018-02-14 12:22:43 - [TEST_STEP][PASSED] - Statement - currentRow.createCell(i).setCellValue(str[i]): null

2018-02-14 12:22:43 - [TEST_STEP][PASSED] - Statement - currentRow.createCell(i).setCellValue(str[i]): null

2018-02-14 12:22:43 - [TEST_STEP][PASSED] - Statement - (++RowNum): null

2018-02-14 12:22:43 - [TEST_STEP][PASSED] - Statement - str = currentLine.split(","): null

2018-02-14 12:22:43 - [TEST_STEP][PASSED] - Statement - currentRow = sheet.createRow(RowNum): null

2018-02-14 12:22:43 - [TEST_STEP][PASSED] - Statement - For ([i = 0, i < length, (i++)]): null

2018-02-14 12:22:43 - [TEST_STEP][PASSED] - Statement - currentRow.createCell(i).setCellValue(str[i]): null

2018-02-14 12:22:43 - [TEST_STEP][PASSED] - Statement - currentRow.createCell(i).setCellValue(str[i]): null

2018-02-14 12:22:43 - [TEST_STEP][PASSED] - Statement - currentRow.createCell(i).setCellValue(str[i]): null

2018-02-14 12:22:43 - [TEST_STEP][PASSED] - Statement - currentRow.createCell(i).setCellValue(str[i]): null

2018-02-14 12:22:43 - [TEST_STEP][PASSED] - Statement - currentRow.createCell(i).setCellValue(str[i]): null

2018-02-14 12:22:43 - [TEST_STEP][PASSED] - Statement - currentRow.createCell(i).setCellValue(str[i]): null

2018-02-14 12:22:43 - [TEST_STEP][PASSED] - Statement - currentRow.createCell(i).setCellValue(str[i]): null

2018-02-14 12:22:43 - [TEST_STEP][PASSED] - Statement - currentRow.createCell(i).setCellValue(str[i]): null

2018-02-14 12:22:43 - [TEST_STEP][PASSED] - Statement - currentRow.createCell(i).setCellValue(str[i]): null

2018-02-14 12:22:43 - [TEST_STEP][PASSED] - Statement - (++RowNum): null

2018-02-14 12:22:43 - [TEST_STEP][PASSED] - Statement - fileOutputStream = new java.io.FileOutputStream(xlsxFileAddress): null

2018-02-14 12:22:43 - [TEST_STEP][PASSED] - Statement - workBook.write(fileOutputStream): null

2018-02-14 12:22:43 - [TEST_STEP][PASSED] - Statement - fileOutputStream.close(): null

2018-02-14 12:22:43 - [TEST_STEP][PASSED] - Statement - out.println("Done"): null

2018-02-14 12:22:43 - [MESSAGE][PASSED] - Call Test Case 'Test Cases/Main Test Cases/ConvertCSVtoXls' successfully

2018-02-14 12:22:43 - [TEST_STEP][PASSED] - callTestCase: Call Test Case 'Test Cases/Main Test Cases/GetDataFromExcel' successfully

2018-02-14 12:22:43 - [TEST_CASE][PASSED] - Test Cases/Main Test Cases/GetDataFromExcel: Test Cases/Main Test Cases/GetDataFromExcel

2018-02-14 12:22:43 - [TEST_STEP][PASSED] - Statement - myData = com.kms.katalon.core.testdata.TestDataFactory.findTestData(Test_Case_Validation): Reading excel file with source file 'D:\Katalon_CAPPM\Test_Case_validation.xlsx' and sheet name 'Clarity_Test_Data_Setup'

2018-02-14 12:22:44 - [TEST_STEP][PASSED] - Statement - myData.changeSheet("Clarity_Test_Data_Setup"): null

2018-02-14 12:22:44 - [TEST_STEP][PASSED] - Statement - println(myData.getAllData()): null

2018-02-14 12:22:44 - [TEST_STEP][PASSED] - Statement - excel_column = myData.getColumnNumbers(): null

2018-02-14 12:22:44 - [TEST_STEP][PASSED] - Statement - excel_row = myData.getRowNumbers(): null

2018-02-14 12:22:44 - [TEST_STEP][PASSED] - Statement - excel_names = new java.util.LinkedHashMap(): null

2018-02-14 12:22:44 - [TEST_STEP][PASSED] - Statement - For ([i = 1, i <= excel_row, (i++)]): null

2018-02-14 12:22:44 - [TEST_STEP][PASSED] - Statement - excel_names.put(myData.getValue(1, i), myData.getValue(2, i)): null

2018-02-14 12:22:44 - [TEST_STEP][PASSED] - Statement - excel_names.put(myData.getValue(1, i), myData.getValue(2, i)): null

2018-02-14 12:22:44 - [TEST_STEP][PASSED] - Statement - excel_names.put(myData.getValue(1, i), myData.getValue(2, i)): null

2018-02-14 12:22:44 - [TEST_STEP][PASSED] - Statement - excel_names.put(myData.getValue(1, i), myData.getValue(2, i)): null

2018-02-14 12:22:44 - [TEST_STEP][PASSED] - Statement - excel_names.put(myData.getValue(1, i), myData.getValue(2, i)): null

2018-02-14 12:22:44 - [TEST_STEP][PASSED] - Statement - excel_names.put(myData.getValue(1, i), myData.getValue(2, i)): null

2018-02-14 12:22:44 - [TEST_STEP][PASSED] - Statement - excel_names.put(myData.getValue(1, i), myData.getValue(2, i)): null

2018-02-14 12:22:44 - [TEST_STEP][PASSED] - Statement - excel_names.put(myData.getValue(1, i), myData.getValue(2, i)): null

2018-02-14 12:22:44 - [TEST_STEP][PASSED] - Statement - excel_names.put(myData.getValue(1, i), myData.getValue(2, i)): null

2018-02-14 12:22:44 - [TEST_STEP][PASSED] - Statement - excel_names.put(myData.getValue(1, i), myData.getValue(2, i)): null

2018-02-14 12:22:44 - [TEST_STEP][PASSED] - Statement - excel_names.put(myData.getValue(1, i), myData.getValue(2, i)): null

2018-02-14 12:22:44 - [TEST_STEP][PASSED] - Statement - excel_names.put(myData.getValue(1, i), myData.getValue(2, i)): null

2018-02-14 12:22:44 - [TEST_STEP][PASSED] - Statement - excel_names.put(myData.getValue(1, i), myData.getValue(2, i)): null

2018-02-14 12:22:44 - [TEST_STEP][PASSED] - Statement - excel_names.put(myData.getValue(1, i), myData.getValue(2, i)): null

2018-02-14 12:22:44 - [TEST_STEP][PASSED] - Statement - excel_names.put(myData.getValue(1, i), myData.getValue(2, i)): null

2018-02-14 12:22:44 - [TEST_STEP][PASSED] - Statement - excel_names.put(myData.getValue(1, i), myData.getValue(2, i)): null

2018-02-14 12:22:44 - [TEST_STEP][PASSED] - Statement - println(excel_names): null

2018-02-14 12:22:44 - [TEST_STEP][PASSED] - Statement - open_url = excel_names.get("url"): null

2018-02-14 12:22:44 - [TEST_STEP][PASSED] - Statement - input_username = excel_names.get("username"): null

2018-02-14 12:22:44 - [TEST_STEP][PASSED] - Statement - input_password = excel_names.get("password"): null

2018-02-14 12:22:44 - [TEST_STEP][PASSED] - Statement - Job_name = excel_names.get("jobname"): null

2018-02-14 12:22:44 - [TEST_STEP][PASSED] - Statement - screenshot_path = excel_names.get("screenshotpath"): null

2018-02-14 12:22:44 - [TEST_STEP][PASSED] - Statement - click_path = excel_names.get("clickpath"): null

2018-02-14 12:22:44 - [TEST_STEP][PASSED] - Statement - all_job_names = excel_names.get("alljobnames"): null

2018-02-14 12:22:44 - [TEST_STEP][PASSED] - Statement - output_file_path = excel_names.get("outfilepath"): null

2018-02-14 12:22:44 - [TEST_STEP][PASSED] - Statement - start_date = excel_names.get("startDate"): null

2018-02-14 12:22:44 - [TEST_STEP][PASSED] - Statement - end_date = excel_names.get("endDate"): null

2018-02-14 12:22:44 - [TEST_STEP][PASSED] - Statement - input_code = excel_names.get("inputcode"): null

2018-02-14 12:22:44 - [TEST_STEP][PASSED] - Statement - input_name = excel_names.get("inputname"): null

2018-02-14 12:22:44 - [TEST_STEP][PASSED] - Statement - input_orderid = excel_names.get("inputorderid"): null

2018-02-14 12:22:44 - [TEST_STEP][PASSED] - Statement - input_isactive = excel_names.get("inputisactive"): null

2018-02-14 12:22:44 - [TEST_STEP][PASSED] - Statement - sqlvalue_new = excel_names.get("textareasqlval_new"): null

2018-02-14 12:22:44 - [TEST_STEP][PASSED] - Statement - sqlval_modified = excel_names.get("textareasqlval_modified"): null

2018-02-14 12:22:44 - [TEST_STEP][PASSED] - Statement - src2 = java.nio.file.Paths.get("D:\Katalon_CAPPM\Standard_file\Output_file.xls"): null

2018-02-14 12:22:44 - [TEST_STEP][PASSED] - Statement - dest2 = java.nio.file.Paths.get(output_file_path): null

2018-02-14 12:22:44 - [TEST_STEP][PASSED] - Statement - java.nio.file.Files.copy(src2, dest2, REPLACE_EXISTING): null

2018-02-14 12:22:44 - [MESSAGE][PASSED] - Call Test Case 'Test Cases/Main Test Cases/GetDataFromExcel' successfully

2018-02-14 12:22:44 - [TEST_STEP][PASSED] - newpackage.newkeyword.keywordName: newpackage.newkeyword.keywordName is PASSED

2018-02-14 12:22:45 - [MESSAGE][PASSED] - newpackage.newkeyword.keywordName is PASSED

2018-02-14 12:22:45 - [TEST_STEP][PASSED] - Statement - extent1 = extent: null

2018-02-14 12:22:45 - [TEST_STEP][PASSED] - Statement - extentTest1 = test: null

2018-02-14 12:22:45 - [TEST_STEP][PASSED] - Statement - extentTest1 = extent1.startTest("LoginPage TestCase"): null

2018-02-14 12:22:45 - [TEST_STEP][PASSED] - openBrowser: Browser is opened with url: ''

2018-02-14 12:22:50 - [MESSAGE][PASSED] - Browser is opened with url: ''

2018-02-14 12:22:50 - [TEST_STEP][PASSED] - maximizeWindow: Current window maximized

2018-02-14 12:22:51 - [MESSAGE][PASSED] - Current window maximized

2018-02-14 12:22:51 - [TEST_STEP][PASSED] - navigateToUrl: Navigate to 'http://172.16.0.78:8081/niku/nu#' successfully

2018-02-14 12:23:33 - [MESSAGE][PASSED] - Navigate to 'http://172.16.0.78:8081/niku/nu#' successfully

2018-02-14 12:23:33 - [TEST_STEP][PASSED] - Statement - extentTest1.log(INFO, "Browser Launched"): null

2018-02-14 12:23:33 - [TEST_STEP][PASSED] - Statement - username = com.kms.katalon.core.webui.common.WebUiCommonHelper.findWebElement(com.kms.katalon.core.testobject.ObjectRepository.findTestObject(CAPPM/Page_CA PPM  Login/input_userName), 3): Finding web element with id: 'Object Repository/CAPPM/Page_CA PPM  Login/input_userName' located by 'By.xpath: //input[count(. | //*[@type = 'text']) = count(//*[@type = 'text'])][count(. | //*[@id = 'ppm_login_username']) = count(//*[@id = 'ppm_login_username'])][count(. | //*[@name = 'userName']) = count(//*[@name = 'userName'])]' in '3' second(s)]]></system-out>
         <system-err><![CDATA[2018-02-14 12:22:40 - [TEST_CASE][ERROR] - Test Cases/Main Test Cases/LoginCAPPM: Test Cases/Main Test Cases/LoginCAPPM FAILED because (of) com.kms.katalon.core.webui.exception.WebElementNotFoundException: Web element with id: 'Object Repository/CAPPM/Page_CA PPM  Login/input_userName' located by 'By.xpath: //input[count(. | //*[@type = 'text']) = count(//*[@type = 'text'])][count(. | //*[@id = 'ppm_login_username']) = count(//*[@id = 'ppm_login_username'])][count(. | //*[@name = 'userName']) = count(//*[@name = 'userName'])]' not found]]></system-err>
      </testcase>
      <testcase name="Test Cases/Main Test Cases/ValidationFields" classname="Test Cases/Main Test Cases/ValidationFields" status="ERROR">
         <error type="ERROR" message="Test Cases/Main Test Cases/ValidationFields FAILED because (of) com.kms.katalon.core.webui.exception.WebElementNotFoundException: Web element with id: 'Object Repository/CAPPM/Page_CA PPM  Job Type CA PPM Adapte/span_Home' located by 'By.xpath: //span[count(. | //*[@id = 'ppm_nav_app']) = count(//*[@id = 'ppm_nav_app'])][count(. | //*[@alt = 'Home']) = count(//*[@alt = 'Home'])][count(. | //*[text() = 'Home']) = count(//*[text() = 'Home'])]' not found"/>
         <system-out><![CDATA[2018-02-14 12:23:55 - [TEST_CASE][ERROR] - Test Cases/Main Test Cases/ValidationFields: Test Cases/Main Test Cases/ValidationFields FAILED because (of) com.kms.katalon.core.webui.exception.WebElementNotFoundException: Web element with id: 'Object Repository/CAPPM/Page_CA PPM  Job Type CA PPM Adapte/span_Home' located by 'By.xpath: //span[count(. | //*[@id = 'ppm_nav_app']) = count(//*[@id = 'ppm_nav_app'])][count(. | //*[@alt = 'Home']) = count(//*[@alt = 'Home'])][count(. | //*[text() = 'Home']) = count(//*[text() = 'Home'])]' not found

2018-02-14 12:23:56 - [TEST_STEP][PASSED] - Statement - extent1 = extent: null

2018-02-14 12:23:56 - [TEST_STEP][PASSED] - Statement - extentTest1 = test: null

2018-02-14 12:23:56 - [TEST_STEP][PASSED] - Statement - extentTest1 = extent1.startTest("Validation Fields TestCase"): null

2018-02-14 12:23:56 - [TEST_STEP][PASSED] - Statement - log = new com.kms.katalon.core.logging.KeywordLogger(): null

2018-02-14 12:23:56 - [TEST_STEP][PASSED] - Statement - myData = com.kms.katalon.core.testdata.TestDataFactory.findTestData(FieldsValidation): Reading excel file with source file 'D:\Katalon_CAPPM\ValidationOfFields.xls' and sheet name 'Field_Validation'

2018-02-14 12:23:56 - [TEST_STEP][PASSED] - Statement - println(myData.getAllData()): null

2018-02-14 12:23:56 - [TEST_STEP][PASSED] - Statement - row = myData.getRowNumbers(): null

2018-02-14 12:23:56 - [TEST_STEP][PASSED] - Statement - list_first_column = new java.util.ArrayList(): null

2018-02-14 12:23:56 - [TEST_STEP][PASSED] - Statement - list_second_column = new java.util.ArrayList(): null

2018-02-14 12:23:56 - [TEST_STEP][PASSED] - Statement - excel_field_names = new java.util.LinkedHashMap(): null

2018-02-14 12:23:56 - [TEST_STEP][PASSED] - Statement - For ([i = 1, i <= row, (i++)]): null

2018-02-14 12:23:56 - [TEST_STEP][PASSED] - Statement - list_first_column.add(myData.getValue(1, i)): null

2018-02-14 12:23:56 - [TEST_STEP][PASSED] - Statement - list_second_column.add(myData.getValue(2, i)): null

2018-02-14 12:23:56 - [TEST_STEP][PASSED] - Statement - excel_field_names.put(myData.getValue(2, i), myData.getValue(3, i)): null

2018-02-14 12:23:56 - [TEST_STEP][PASSED] - Statement - list_first_column.add(myData.getValue(1, i)): null

2018-02-14 12:23:56 - [TEST_STEP][PASSED] - Statement - list_second_column.add(myData.getValue(2, i)): null

2018-02-14 12:23:56 - [TEST_STEP][PASSED] - Statement - excel_field_names.put(myData.getValue(2, i), myData.getValue(3, i)): null

2018-02-14 12:23:56 - [TEST_STEP][PASSED] - Statement - list_first_column.add(myData.getValue(1, i)): null

2018-02-14 12:23:56 - [TEST_STEP][PASSED] - Statement - list_second_column.add(myData.getValue(2, i)): null

2018-02-14 12:23:56 - [TEST_STEP][PASSED] - Statement - excel_field_names.put(myData.getValue(2, i), myData.getValue(3, i)): null

2018-02-14 12:23:56 - [TEST_STEP][PASSED] - Statement - list_first_column.add(myData.getValue(1, i)): null

2018-02-14 12:23:56 - [TEST_STEP][PASSED] - Statement - list_second_column.add(myData.getValue(2, i)): null

2018-02-14 12:23:56 - [TEST_STEP][PASSED] - Statement - excel_field_names.put(myData.getValue(2, i), myData.getValue(3, i)): null

2018-02-14 12:23:56 - [TEST_STEP][PASSED] - Statement - list_first_column.add(myData.getValue(1, i)): null

2018-02-14 12:23:56 - [TEST_STEP][PASSED] - Statement - list_second_column.add(myData.getValue(2, i)): null

2018-02-14 12:23:56 - [TEST_STEP][PASSED] - Statement - excel_field_names.put(myData.getValue(2, i), myData.getValue(3, i)): null

2018-02-14 12:23:56 - [TEST_STEP][PASSED] - Statement - list_first_column.add(myData.getValue(1, i)): null

2018-02-14 12:23:56 - [TEST_STEP][PASSED] - Statement - list_second_column.add(myData.getValue(2, i)): null

2018-02-14 12:23:56 - [TEST_STEP][PASSED] - Statement - excel_field_names.put(myData.getValue(2, i), myData.getValue(3, i)): null

2018-02-14 12:23:56 - [TEST_STEP][PASSED] - Statement - list_first_column.add(myData.getValue(1, i)): null

2018-02-14 12:23:56 - [TEST_STEP][PASSED] - Statement - list_second_column.add(myData.getValue(2, i)): null

2018-02-14 12:23:56 - [TEST_STEP][PASSED] - Statement - excel_field_names.put(myData.getValue(2, i), myData.getValue(3, i)): null

2018-02-14 12:23:56 - [TEST_STEP][PASSED] - Statement - list_first_column.add(myData.getValue(1, i)): null

2018-02-14 12:23:56 - [TEST_STEP][PASSED] - Statement - list_second_column.add(myData.getValue(2, i)): null

2018-02-14 12:23:56 - [TEST_STEP][PASSED] - Statement - excel_field_names.put(myData.getValue(2, i), myData.getValue(3, i)): null

2018-02-14 12:23:56 - [TEST_STEP][PASSED] - Statement - list_first_column.add(myData.getValue(1, i)): null

2018-02-14 12:23:56 - [TEST_STEP][PASSED] - Statement - list_second_column.add(myData.getValue(2, i)): null

2018-02-14 12:23:56 - [TEST_STEP][PASSED] - Statement - excel_field_names.put(myData.getValue(2, i), myData.getValue(3, i)): null

2018-02-14 12:23:56 - [TEST_STEP][PASSED] - Statement - list_first_column.add(myData.getValue(1, i)): null

2018-02-14 12:23:56 - [TEST_STEP][PASSED] - Statement - list_second_column.add(myData.getValue(2, i)): null

2018-02-14 12:23:56 - [TEST_STEP][PASSED] - Statement - excel_field_names.put(myData.getValue(2, i), myData.getValue(3, i)): null

2018-02-14 12:23:56 - [TEST_STEP][PASSED] - Statement - list_first_column.add(myData.getValue(1, i)): null

2018-02-14 12:23:56 - [TEST_STEP][PASSED] - Statement - list_second_column.add(myData.getValue(2, i)): null

2018-02-14 12:23:56 - [TEST_STEP][PASSED] - Statement - excel_field_names.put(myData.getValue(2, i), myData.getValue(3, i)): null

2018-02-14 12:23:56 - [TEST_STEP][PASSED] - Statement - list_first_column.add(myData.getValue(1, i)): null

2018-02-14 12:23:56 - [TEST_STEP][PASSED] - Statement - list_second_column.add(myData.getValue(2, i)): null

2018-02-14 12:23:56 - [TEST_STEP][PASSED] - Statement - excel_field_names.put(myData.getValue(2, i), myData.getValue(3, i)): null

2018-02-14 12:23:56 - [TEST_STEP][PASSED] - Statement - list_first_column.add(myData.getValue(1, i)): null

2018-02-14 12:23:56 - [TEST_STEP][PASSED] - Statement - list_second_column.add(myData.getValue(2, i)): null

2018-02-14 12:23:56 - [TEST_STEP][PASSED] - Statement - excel_field_names.put(myData.getValue(2, i), myData.getValue(3, i)): null

2018-02-14 12:23:56 - [TEST_STEP][PASSED] - Statement - list_first_column.add(myData.getValue(1, i)): null

2018-02-14 12:23:56 - [TEST_STEP][PASSED] - Statement - list_second_column.add(myData.getValue(2, i)): null

2018-02-14 12:23:56 - [TEST_STEP][PASSED] - Statement - excel_field_names.put(myData.getValue(2, i), myData.getValue(3, i)): null

2018-02-14 12:23:56 - [TEST_STEP][PASSED] - Statement - list_first_column.add(myData.getValue(1, i)): null

2018-02-14 12:23:56 - [TEST_STEP][PASSED] - Statement - list_second_column.add(myData.getValue(2, i)): null

2018-02-14 12:23:56 - [TEST_STEP][PASSED] - Statement - excel_field_names.put(myData.getValue(2, i), myData.getValue(3, i)): null

2018-02-14 12:23:56 - [TEST_STEP][PASSED] - Statement - list_first_column.add(myData.getValue(1, i)): null

2018-02-14 12:23:56 - [TEST_STEP][PASSED] - Statement - list_second_column.add(myData.getValue(2, i)): null

2018-02-14 12:23:56 - [TEST_STEP][PASSED] - Statement - excel_field_names.put(myData.getValue(2, i), myData.getValue(3, i)): null

2018-02-14 12:23:56 - [TEST_STEP][PASSED] - Statement - list_first_column.add(myData.getValue(1, i)): null

2018-02-14 12:23:56 - [TEST_STEP][PASSED] - Statement - list_second_column.add(myData.getValue(2, i)): null

2018-02-14 12:23:56 - [TEST_STEP][PASSED] - Statement - excel_field_names.put(myData.getValue(2, i), myData.getValue(3, i)): null

2018-02-14 12:23:56 - [TEST_STEP][PASSED] - Statement - println(list_first_column): null

2018-02-14 12:23:56 - [TEST_STEP][PASSED] - Statement - println(list_second_column): null

2018-02-14 12:23:56 - [TEST_STEP][PASSED] - Statement - println(excel_field_names): null

2018-02-14 12:23:56 - [TEST_STEP][PASSED] - Statement - home_page = com.kms.katalon.core.webui.common.WebUiCommonHelper.findWebElement(com.kms.katalon.core.testobject.ObjectRepository.findTestObject(CAPPM/Page_CA PPM  Job Type CA PPM Adapte/span_Home), 3): Finding web element with id: 'Object Repository/CAPPM/Page_CA PPM  Job Type CA PPM Adapte/span_Home' located by 'By.xpath: //span[count(. | //*[@id = 'ppm_nav_app']) = count(//*[@id = 'ppm_nav_app'])][count(. | //*[@alt = 'Home']) = count(//*[@alt = 'Home'])][count(. | //*[text() = 'Home']) = count(//*[text() = 'Home'])]' in '3' second(s)]]></system-out>
         <system-err><![CDATA[2018-02-14 12:23:55 - [TEST_CASE][ERROR] - Test Cases/Main Test Cases/ValidationFields: Test Cases/Main Test Cases/ValidationFields FAILED because (of) com.kms.katalon.core.webui.exception.WebElementNotFoundException: Web element with id: 'Object Repository/CAPPM/Page_CA PPM  Job Type CA PPM Adapte/span_Home' located by 'By.xpath: //span[count(. | //*[@id = 'ppm_nav_app']) = count(//*[@id = 'ppm_nav_app'])][count(. | //*[@alt = 'Home']) = count(//*[@alt = 'Home'])][count(. | //*[text() = 'Home']) = count(//*[text() = 'Home'])]' not found]]></system-err>
      </testcase>
      <testcase name="Test Cases/Main Test Cases/AddBussinessRule" classname="Test Cases/Main Test Cases/AddBussinessRule" status="ERROR">
         <error type="ERROR" message="Test Cases/Main Test Cases/AddBussinessRule FAILED because (of) com.kms.katalon.core.webui.exception.WebElementNotFoundException: Web element with id: 'Object Repository/Page_CA PPM  Overview General/FileProperties' located by 'By.xpath: //*[@id=&quot;ppm_app&quot;]/div[3]/span[2]/span[1]/a' not found"/>
         <system-out><![CDATA[2018-02-14 12:24:00 - [TEST_CASE][ERROR] - Test Cases/Main Test Cases/AddBussinessRule: Test Cases/Main Test Cases/AddBussinessRule FAILED because (of) com.kms.katalon.core.webui.exception.WebElementNotFoundException: Web element with id: 'Object Repository/Page_CA PPM  Overview General/FileProperties' located by 'By.xpath: //*[@id="ppm_app"]/div[3]/span[2]/span[1]/a' not found

2018-02-14 12:24:00 - [TEST_STEP][PASSED] - Statement - extent1 = extent: null

2018-02-14 12:24:00 - [TEST_STEP][PASSED] - Statement - extentTest1 = test: null

2018-02-14 12:24:00 - [TEST_STEP][PASSED] - Statement - extentTest1 = extent1.startTest("Add BussinessRules TestCase"): null

2018-02-14 12:24:00 - [TEST_STEP][PASSED] - Statement - log = new com.kms.katalon.core.logging.KeywordLogger(): null

2018-02-14 12:24:00 - [TEST_STEP][PASSED] - Statement - FileProperties_rule = com.kms.katalon.core.webui.common.WebUiCommonHelper.findWebElement(com.kms.katalon.core.testobject.ObjectRepository.findTestObject(Page_CA PPM  Overview General/FileProperties), 3): Finding web element with id: 'Object Repository/Page_CA PPM  Overview General/FileProperties' located by 'By.xpath: //*[@id="ppm_app"]/div[3]/span[2]/span[1]/a' in '3' second(s)]]></system-out>
         <system-err><![CDATA[2018-02-14 12:24:00 - [TEST_CASE][ERROR] - Test Cases/Main Test Cases/AddBussinessRule: Test Cases/Main Test Cases/AddBussinessRule FAILED because (of) com.kms.katalon.core.webui.exception.WebElementNotFoundException: Web element with id: 'Object Repository/Page_CA PPM  Overview General/FileProperties' located by 'By.xpath: //*[@id="ppm_app"]/div[3]/span[2]/span[1]/a' not found]]></system-err>
      </testcase>
      <testcase name="Test Cases/Main Test Cases/RunTransactionAdaptorJob" classname="Test Cases/Main Test Cases/RunTransactionAdaptorJob" status="PASSED">
         <system-out><![CDATA[2018-02-14 12:24:10 - [TEST_CASE][PASSED] - Test Cases/Main Test Cases/RunTransactionAdaptorJob: Test Cases/Main Test Cases/RunTransactionAdaptorJob

2018-02-14 12:24:11 - [TEST_STEP][PASSED] - Statement - extent1 = extent: null

2018-02-14 12:24:11 - [TEST_STEP][PASSED] - Statement - extentTest1 = test: null

2018-02-14 12:24:11 - [TEST_STEP][PASSED] - Statement - extentTest1 = extent1.startTest("RunTransactionAdaptor Job TestCase"): null

2018-02-14 12:24:11 - [TEST_STEP][PASSED] - Statement - Try: Finding web element with id: 'Object Repository/CAPPM/Page_CA PPM  Job Type CA PPM Adapte/span_Home' located by 'By.xpath: //span[count(. | //*[@id = 'ppm_nav_app']) = count(//*[@id = 'ppm_nav_app'])][count(. | //*[@alt = 'Home']) = count(//*[@alt = 'Home'])][count(. | //*[text() = 'Home']) = count(//*[text() = 'Home'])]' in '3' second(s)

2018-02-14 12:24:11 - [TEST_STEP][PASSED] - Statement - click_path = click_path: null

2018-02-14 12:24:11 - [TEST_STEP][PASSED] - Statement - Job_name = Job_name: null

2018-02-14 12:24:11 - [TEST_STEP][PASSED] - Statement - screenshot_path = screenshot_path: null

2018-02-14 12:24:11 - [TEST_STEP][PASSED] - Statement - home_page = com.kms.katalon.core.webui.common.WebUiCommonHelper.findWebElement(com.kms.katalon.core.testobject.ObjectRepository.findTestObject(CAPPM/Page_CA PPM  Job Type CA PPM Adapte/span_Home), 3): Finding web element with id: 'Object Repository/CAPPM/Page_CA PPM  Job Type CA PPM Adapte/span_Home' located by 'By.xpath: //span[count(. | //*[@id = 'ppm_nav_app']) = count(//*[@id = 'ppm_nav_app'])][count(. | //*[@alt = 'Home']) = count(//*[@alt = 'Home'])][count(. | //*[text() = 'Home']) = count(//*[text() = 'Home'])]' in '3' second(s)

2018-02-14 12:24:37 - [TEST_STEP][PASSED] - Statement - Catch (Exception e): Browser is closed

2018-02-14 12:24:37 - [TEST_STEP][PASSED] - closeBrowser: Browser is closed

2018-02-14 12:24:38 - [MESSAGE][PASSED] - Browser is closed

2018-02-14 12:24:38 - [TEST_STEP][PASSED] - Statement - Finally: null

2018-02-14 12:24:38 - [TEST_STEP][PASSED] - Statement - extent1.endTest(extentTest1): null

2018-02-14 12:24:38 - [TEST_STEP][PASSED] - Statement - extent1.flush(): null]]></system-out>
         <system-err><![CDATA[]]></system-err>
      </testcase>
      <testcase name="Test Cases/Main Test Cases/ValidationTestCases" classname="Test Cases/Main Test Cases/ValidationTestCases" status="ERROR">
         <error type="ERROR" message="Test Cases/Main Test Cases/ValidationTestCases FAILED because (of) com.kms.katalon.core.webui.exception.BrowserNotOpenedException: Browser is not opened
Build info: version: '3.7.1', revision: '8a0099a', time: '2017-11-06T21:07:36.161Z'
System info: host: 'ETHYDLP082', ip: '10.212.134.11', os.name: 'Windows 10', os.arch: 'amd64', os.version: '10.0', java.version: '1.8.0_102'
Driver info: driver.version: unknown"/>
         <system-out><![CDATA[2018-02-14 12:24:39 - [TEST_CASE][ERROR] - Test Cases/Main Test Cases/ValidationTestCases: Test Cases/Main Test Cases/ValidationTestCases FAILED because (of) com.kms.katalon.core.webui.exception.BrowserNotOpenedException: Browser is not opened
Build info: version: '3.7.1', revision: '8a0099a', time: '2017-11-06T21:07:36.161Z'
System info: host: 'ETHYDLP082', ip: '10.212.134.11', os.name: 'Windows 10', os.arch: 'amd64', os.version: '10.0', java.version: '1.8.0_102'
Driver info: driver.version: unknown

2018-02-14 12:24:39 - [TEST_STEP][PASSED] - Statement - extent1 = extent: null

2018-02-14 12:24:39 - [TEST_STEP][PASSED] - Statement - extentTest1 = test: null

2018-02-14 12:24:39 - [TEST_STEP][PASSED] - Statement - extentTest1 = extent1.startTest("Validation ErrorMessages TestCase"): null

2018-02-14 12:24:39 - [TEST_STEP][PASSED] - Statement - log = new com.kms.katalon.core.logging.KeywordLogger(): null

2018-02-14 12:24:39 - [TEST_STEP][PASSED] - Statement - myData = com.kms.katalon.core.testdata.TestDataFactory.findTestData(Test_Case_Validation): Reading excel file with source file 'D:\Katalon_CAPPM\Test_Case_validation.xlsx' and sheet name 'Clarity_Test_Data_Setup'

2018-02-14 12:24:39 - [TEST_STEP][PASSED] - Statement - myData.changeSheet("Error_Messages"): null

2018-02-14 12:24:39 - [TEST_STEP][PASSED] - Statement - println(myData.getAllData()): null

2018-02-14 12:24:39 - [TEST_STEP][PASSED] - Statement - row = myData.getRowNumbers(): null

2018-02-14 12:24:39 - [TEST_STEP][PASSED] - Statement - list = new java.util.ArrayList(): null

2018-02-14 12:24:39 - [TEST_STEP][PASSED] - Statement - For ([i = 1, i <= row, (i++)]): null

2018-02-14 12:24:39 - [TEST_STEP][PASSED] - Statement - list.add(myData.getValue(1, i)): null

2018-02-14 12:24:39 - [TEST_STEP][PASSED] - Statement - list.add(myData.getValue(1, i)): null

2018-02-14 12:24:39 - [TEST_STEP][PASSED] - Statement - list.add(myData.getValue(1, i)): null

2018-02-14 12:24:39 - [TEST_STEP][PASSED] - Statement - list.add(myData.getValue(1, i)): null

2018-02-14 12:24:39 - [TEST_STEP][PASSED] - Statement - list.add(myData.getValue(1, i)): null

2018-02-14 12:24:39 - [TEST_STEP][PASSED] - Statement - list.add(myData.getValue(1, i)): null

2018-02-14 12:24:39 - [TEST_STEP][PASSED] - Statement - list.add(myData.getValue(1, i)): null

2018-02-14 12:24:39 - [TEST_STEP][PASSED] - Statement - list.add(myData.getValue(1, i)): null

2018-02-14 12:24:39 - [TEST_STEP][PASSED] - Statement - list.add(myData.getValue(1, i)): null

2018-02-14 12:24:39 - [TEST_STEP][PASSED] - Statement - list.add(myData.getValue(1, i)): null

2018-02-14 12:24:39 - [TEST_STEP][PASSED] - Statement - list.add(myData.getValue(1, i)): null

2018-02-14 12:24:39 - [TEST_STEP][PASSED] - Statement - list.add(myData.getValue(1, i)): null

2018-02-14 12:24:39 - [TEST_STEP][PASSED] - Statement - list.add(myData.getValue(1, i)): null

2018-02-14 12:24:39 - [TEST_STEP][PASSED] - Statement - list.add(myData.getValue(1, i)): null

2018-02-14 12:24:39 - [TEST_STEP][PASSED] - Statement - println(list): null

2018-02-14 12:24:39 - [TEST_STEP][PASSED] - Statement - myData.changeSheet("Error_Message_Validation"): null

2018-02-14 12:24:39 - [TEST_STEP][PASSED] - Statement - println(myData.getAllData()): null

2018-02-14 12:24:39 - [TEST_STEP][PASSED] - Statement - row1 = myData.getRowNumbers(): null

2018-02-14 12:24:39 - [TEST_STEP][PASSED] - Statement - list1 = new java.util.ArrayList(): null

2018-02-14 12:24:39 - [TEST_STEP][PASSED] - Statement - list2 = new java.util.ArrayList(): null

2018-02-14 12:24:39 - [TEST_STEP][PASSED] - Statement - For ([i = 1, i <= row1, (i++)]): null

2018-02-14 12:24:39 - [TEST_STEP][PASSED] - Statement - list1.add(myData.getValue(1, i)): null

2018-02-14 12:24:39 - [TEST_STEP][PASSED] - Statement - list2.add(myData.getValue(2, i)): null

2018-02-14 12:24:39 - [TEST_STEP][PASSED] - Statement - list1.add(myData.getValue(1, i)): null

2018-02-14 12:24:39 - [TEST_STEP][PASSED] - Statement - list2.add(myData.getValue(2, i)): null

2018-02-14 12:24:39 - [TEST_STEP][PASSED] - Statement - list1.add(myData.getValue(1, i)): null

2018-02-14 12:24:39 - [TEST_STEP][PASSED] - Statement - list2.add(myData.getValue(2, i)): null

2018-02-14 12:24:39 - [TEST_STEP][PASSED] - Statement - list1.add(myData.getValue(1, i)): null

2018-02-14 12:24:39 - [TEST_STEP][PASSED] - Statement - list2.add(myData.getValue(2, i)): null

2018-02-14 12:24:39 - [TEST_STEP][PASSED] - Statement - list1.add(myData.getValue(1, i)): null

2018-02-14 12:24:39 - [TEST_STEP][PASSED] - Statement - list2.add(myData.getValue(2, i)): null

2018-02-14 12:24:39 - [TEST_STEP][PASSED] - Statement - list1.add(myData.getValue(1, i)): null

2018-02-14 12:24:39 - [TEST_STEP][PASSED] - Statement - list2.add(myData.getValue(2, i)): null

2018-02-14 12:24:39 - [TEST_STEP][PASSED] - Statement - list1.add(myData.getValue(1, i)): null

2018-02-14 12:24:39 - [TEST_STEP][PASSED] - Statement - list2.add(myData.getValue(2, i)): null

2018-02-14 12:24:39 - [TEST_STEP][PASSED] - Statement - list1.add(myData.getValue(1, i)): null

2018-02-14 12:24:39 - [TEST_STEP][PASSED] - Statement - list2.add(myData.getValue(2, i)): null

2018-02-14 12:24:39 - [TEST_STEP][PASSED] - Statement - println(list1): null

2018-02-14 12:24:39 - [TEST_STEP][PASSED] - Statement - println(list2): null

2018-02-14 12:24:39 - [TEST_STEP][PASSED] - Statement - myData1 = com.kms.katalon.core.testdata.TestDataFactory.findTestData(Input_File): Reading excel file with source file 'D:\Katalon_CAPPM\Input_file.xls' and sheet name 'Input_file_data'

2018-02-14 12:24:39 - [TEST_STEP][PASSED] - Statement - input_rows = myData1.getRowNumbers(): null

2018-02-14 12:24:39 - [TEST_STEP][PASSED] - Statement - input_coloumns = myData1.getColumnNumbers(): null

2018-02-14 12:24:39 - [TEST_STEP][PASSED] - Statement - home_page = com.kms.katalon.core.webui.common.WebUiCommonHelper.findWebElement(com.kms.katalon.core.testobject.ObjectRepository.findTestObject(CAPPM/Page_CA PPM  Job Type CA PPM Adapte/span_Home), 3): Checking timeout]]></system-out>
         <system-err><![CDATA[2018-02-14 12:24:39 - [TEST_CASE][ERROR] - Test Cases/Main Test Cases/ValidationTestCases: Test Cases/Main Test Cases/ValidationTestCases FAILED because (of) com.kms.katalon.core.webui.exception.BrowserNotOpenedException: Browser is not opened
Build info: version: '3.7.1', revision: '8a0099a', time: '2017-11-06T21:07:36.161Z'
System info: host: 'ETHYDLP082', ip: '10.212.134.11', os.name: 'Windows 10', os.arch: 'amd64', os.version: '10.0', java.version: '1.8.0_102'
Driver info: driver.version: unknown]]></system-err>
      </testcase>
      <testcase name="Test Cases/Main Test Cases/RunningJobs" classname="Test Cases/Main Test Cases/RunningJobs" status="ERROR">
         <error type="ERROR" message="Test Cases/Main Test Cases/RunningJobs FAILED because (of) com.kms.katalon.core.webui.exception.BrowserNotOpenedException: Browser is not opened
Build info: version: '3.7.1', revision: '8a0099a', time: '2017-11-06T21:07:36.161Z'
System info: host: 'ETHYDLP082', ip: '10.212.134.11', os.name: 'Windows 10', os.arch: 'amd64', os.version: '10.0', java.version: '1.8.0_102'
Driver info: driver.version: unknown"/>
         <system-out><![CDATA[2018-02-14 12:24:39 - [TEST_CASE][ERROR] - Test Cases/Main Test Cases/RunningJobs: Test Cases/Main Test Cases/RunningJobs FAILED because (of) com.kms.katalon.core.webui.exception.BrowserNotOpenedException: Browser is not opened
Build info: version: '3.7.1', revision: '8a0099a', time: '2017-11-06T21:07:36.161Z'
System info: host: 'ETHYDLP082', ip: '10.212.134.11', os.name: 'Windows 10', os.arch: 'amd64', os.version: '10.0', java.version: '1.8.0_102'
Driver info: driver.version: unknown

2018-02-14 12:24:40 - [TEST_STEP][PASSED] - Statement - extent1 = extent: null

2018-02-14 12:24:40 - [TEST_STEP][PASSED] - Statement - extentTest1 = test: null

2018-02-14 12:24:40 - [TEST_STEP][PASSED] - Statement - If (RunJob): Checking timeout

2018-02-14 12:24:40 - [TEST_STEP][PASSED] - Statement - extentTest1 = extent1.startTest("Running Jobs TestCase"): null

2018-02-14 12:24:40 - [TEST_STEP][PASSED] - Statement - screenshot_path = screenshot_path: null

2018-02-14 12:24:40 - [TEST_STEP][PASSED] - Statement - home_page_1 = com.kms.katalon.core.webui.common.WebUiCommonHelper.findWebElement(com.kms.katalon.core.testobject.ObjectRepository.findTestObject(CAPPM/Page_CA PPM  Job Type CA PPM Adapte/span_Home), 3): Checking timeout]]></system-out>
         <system-err><![CDATA[2018-02-14 12:24:39 - [TEST_CASE][ERROR] - Test Cases/Main Test Cases/RunningJobs: Test Cases/Main Test Cases/RunningJobs FAILED because (of) com.kms.katalon.core.webui.exception.BrowserNotOpenedException: Browser is not opened
Build info: version: '3.7.1', revision: '8a0099a', time: '2017-11-06T21:07:36.161Z'
System info: host: 'ETHYDLP082', ip: '10.212.134.11', os.name: 'Windows 10', os.arch: 'amd64', os.version: '10.0', java.version: '1.8.0_102'
Driver info: driver.version: unknown]]></system-err>
      </testcase>
      <testcase name="Test Cases/Main Test Cases/RunProjectsValidation" classname="Test Cases/Main Test Cases/RunProjectsValidation" status="ERROR">
         <error type="ERROR" message="Test Cases/Main Test Cases/RunProjectsValidation FAILED because (of) com.kms.katalon.core.webui.exception.BrowserNotOpenedException: Browser is not opened
Build info: version: '3.7.1', revision: '8a0099a', time: '2017-11-06T21:07:36.161Z'
System info: host: 'ETHYDLP082', ip: '10.212.134.11', os.name: 'Windows 10', os.arch: 'amd64', os.version: '10.0', java.version: '1.8.0_102'
Driver info: driver.version: unknown"/>
         <system-out><![CDATA[2018-02-14 12:24:40 - [TEST_CASE][ERROR] - Test Cases/Main Test Cases/RunProjectsValidation: Test Cases/Main Test Cases/RunProjectsValidation FAILED because (of) com.kms.katalon.core.webui.exception.BrowserNotOpenedException: Browser is not opened
Build info: version: '3.7.1', revision: '8a0099a', time: '2017-11-06T21:07:36.161Z'
System info: host: 'ETHYDLP082', ip: '10.212.134.11', os.name: 'Windows 10', os.arch: 'amd64', os.version: '10.0', java.version: '1.8.0_102'
Driver info: driver.version: unknown

2018-02-14 12:24:41 - [TEST_STEP][PASSED] - Statement - extent1 = extent: null

2018-02-14 12:24:41 - [TEST_STEP][PASSED] - Statement - extentTest1 = test: null

2018-02-14 12:24:41 - [TEST_STEP][PASSED] - Statement - If (RunJob): Checking timeout

2018-02-14 12:24:41 - [TEST_STEP][PASSED] - Statement - extentTest1 = extent1.startTest("Run ProjectsValidation TestCase"): null

2018-02-14 12:24:41 - [TEST_STEP][PASSED] - Statement - excelFilePath = output_file_path: null

2018-02-14 12:24:41 - [TEST_STEP][PASSED] - Statement - home_page_2 = com.kms.katalon.core.webui.common.WebUiCommonHelper.findWebElement(com.kms.katalon.core.testobject.ObjectRepository.findTestObject(CAPPM/Page_CA PPM  Job Type CA PPM Adapte/span_Home), 3): Checking timeout]]></system-out>
         <system-err><![CDATA[2018-02-14 12:24:40 - [TEST_CASE][ERROR] - Test Cases/Main Test Cases/RunProjectsValidation: Test Cases/Main Test Cases/RunProjectsValidation FAILED because (of) com.kms.katalon.core.webui.exception.BrowserNotOpenedException: Browser is not opened
Build info: version: '3.7.1', revision: '8a0099a', time: '2017-11-06T21:07:36.161Z'
System info: host: 'ETHYDLP082', ip: '10.212.134.11', os.name: 'Windows 10', os.arch: 'amd64', os.version: '10.0', java.version: '1.8.0_102'
Driver info: driver.version: unknown]]></system-err>
      </testcase>
      <testcase name="Test Cases/Main Test Cases/ValidatingTransactions" classname="Test Cases/Main Test Cases/ValidatingTransactions" status="ERROR">
         <error type="ERROR" message="Test Cases/Main Test Cases/ValidatingTransactions FAILED because (of) com.kms.katalon.core.webui.exception.BrowserNotOpenedException: Browser is not opened
Build info: version: '3.7.1', revision: '8a0099a', time: '2017-11-06T21:07:36.161Z'
System info: host: 'ETHYDLP082', ip: '10.212.134.11', os.name: 'Windows 10', os.arch: 'amd64', os.version: '10.0', java.version: '1.8.0_102'
Driver info: driver.version: unknown"/>
         <system-out><![CDATA[2018-02-14 12:24:41 - [TEST_CASE][ERROR] - Test Cases/Main Test Cases/ValidatingTransactions: Test Cases/Main Test Cases/ValidatingTransactions FAILED because (of) com.kms.katalon.core.webui.exception.BrowserNotOpenedException: Browser is not opened
Build info: version: '3.7.1', revision: '8a0099a', time: '2017-11-06T21:07:36.161Z'
System info: host: 'ETHYDLP082', ip: '10.212.134.11', os.name: 'Windows 10', os.arch: 'amd64', os.version: '10.0', java.version: '1.8.0_102'
Driver info: driver.version: unknown

2018-02-14 12:24:41 - [TEST_STEP][PASSED] - Statement - extent1 = extent: null

2018-02-14 12:24:41 - [TEST_STEP][PASSED] - Statement - extentTest1 = test: null

2018-02-14 12:24:41 - [TEST_STEP][PASSED] - Statement - If (RunJob): Checking timeout

2018-02-14 12:24:41 - [TEST_STEP][PASSED] - Statement - extentTest1 = extent1.startTest("Validating Transactions TestCase"): null

2018-02-14 12:24:41 - [TEST_STEP][PASSED] - Statement - log = new com.kms.katalon.core.logging.KeywordLogger(): null

2018-02-14 12:24:41 - [TEST_STEP][PASSED] - Statement - screenshot_path = screenshot_path + "ValidationTransactions\": null

2018-02-14 12:24:41 - [TEST_STEP][PASSED] - Statement - start_date_ui = start_date: null

2018-02-14 12:24:41 - [TEST_STEP][PASSED] - Statement - end_date_ui = end_date: null

2018-02-14 12:24:41 - [TEST_STEP][PASSED] - Statement - home_page = com.kms.katalon.core.webui.common.WebUiCommonHelper.findWebElement(com.kms.katalon.core.testobject.ObjectRepository.findTestObject(CAPPM/Page_CA PPM  Job Type CA PPM Adapte/span_Home), 3): Checking timeout]]></system-out>
         <system-err><![CDATA[2018-02-14 12:24:41 - [TEST_CASE][ERROR] - Test Cases/Main Test Cases/ValidatingTransactions: Test Cases/Main Test Cases/ValidatingTransactions FAILED because (of) com.kms.katalon.core.webui.exception.BrowserNotOpenedException: Browser is not opened
Build info: version: '3.7.1', revision: '8a0099a', time: '2017-11-06T21:07:36.161Z'
System info: host: 'ETHYDLP082', ip: '10.212.134.11', os.name: 'Windows 10', os.arch: 'amd64', os.version: '10.0', java.version: '1.8.0_102'
Driver info: driver.version: unknown]]></system-err>
      </testcase>
      <system-out><![CDATA[2018-02-14 12:22:39 - [TEST_SUITE][ERROR] - CAPPM_Adapter_Regression_POC: Test Cases/Main Test Cases/LoginCAPPM FAILED because (of) com.kms.katalon.core.webui.exception.WebElementNotFoundException: Web element with id: 'Object Repository/CAPPM/Page_CA PPM  Login/input_userName' located by 'By.xpath: //input[count(. | //*[@type = 'text']) = count(//*[@type = 'text'])][count(. | //*[@id = 'ppm_login_username']) = count(//*[@id = 'ppm_login_username'])][count(. | //*[@name = 'userName']) = count(//*[@name = 'userName'])]' not found]]></system-out>
      <system-err><![CDATA[2018-02-14 12:22:39 - [TEST_SUITE][ERROR] - CAPPM_Adapter_Regression_POC: Test Cases/Main Test Cases/LoginCAPPM FAILED because (of) com.kms.katalon.core.webui.exception.WebElementNotFoundException: Web element with id: 'Object Repository/CAPPM/Page_CA PPM  Login/input_userName' located by 'By.xpath: //input[count(. | //*[@type = 'text']) = count(//*[@type = 'text'])][count(. | //*[@id = 'ppm_login_username']) = count(//*[@id = 'ppm_login_username'])][count(. | //*[@name = 'userName']) = count(//*[@name = 'userName'])]' not found]]></system-err>
   </testsuite>
</testsuites>
